10:13:45 -> 10:13:45>>WFSVersion: 
	wVersion: 0x0003
	wLowVersion: 0x0101
	wHighVersion: 0x9903
	szDescription: WOSA/XFS API v3.00/v2.00
	szSystemStatus: 
SrvcVersion: 
	wVersion: 0x0003
	wLowVersion: 0x0003
	wHighVersion: 0x0003
	szDescription: 
	szSystemStatus: 
SPIVersion: 
	wVersion: 0x0003
	wVersion: 0x0003
	wVersion: 0x0003
	wVersion: KT_SPI V2.00
	wVersion: 

10:14:50 -> 10:14:50>>WFSVersion: 
	wVersion: 0x0003
	wLowVersion: 0x0101
	wHighVersion: 0x9903
	szDescription: WOSA/XFS API v3.00/v2.00
	szSystemStatus: 
SrvcVersion: 
	wVersion: 0x0003
	wLowVersion: 0x0003
	wHighVersion: 0x0003
	szDescription: 
	szSystemStatus: 
SPIVersion: 
	wVersion: 0x0003
	wVersion: 0x0003
	wVersion: 0x0003
	wVersion: KT_SPI V2.00
	wVersion: 

10:16:30 -> 10:16:30>>WFSVersion: 
	wVersion: 0x0003
	wLowVersion: 0x0101
	wHighVersion: 0x9903
	szDescription: WOSA/XFS API v3.00/v2.00
	szSystemStatus: 
SrvcVersion: 
	wVersion: 0x0003
	wLowVersion: 0x0003
	wHighVersion: 0x0003
	szDescription: 
	szSystemStatus: 
SPIVersion: 
	wVersion: 0x0003
	wVersion: 0x0003
	wVersion: 0x0003
	wVersion: KT_SPI V2.00
	wVersion: 

10:21:54 -> 10:21:54>>WFSVersion: 
	wVersion: 0x0003
	wLowVersion: 0x0101
	wHighVersion: 0x9903
	szDescription: WOSA/XFS API v3.00/v2.00
	szSystemStatus: 
SrvcVersion: 
	wVersion: 0x0003
	wLowVersion: 0x0003
	wHighVersion: 0x0003
	szDescription: 
	szSystemStatus: 
SPIVersion: 
	wVersion: 0x0003
	wVersion: 0x0003
	wVersion: 0x0003
	wVersion: KT_SPI V2.00
	wVersion: 

10:29:27 -> 10:29:27>>Logger created.
10:29:27 -> Properties successfully retrieved from the registry.
10:29:27 -> Local queue Name:  .\private$\KTRRQ for reading already exists. No need to create.
10:29:27 -> Local queue  Name:  .\private$\KTRWQ for writing already exists. No need to create.
10:29:27 -> Local queue  Name: .\private$\KTRLQ for logging already exists. No need to create.
10:29:27 -> KTR10 Open First Check Attempt.
10:29:47 -> 10:29:47>>WFSVersion: 
	wVersion: 0x0003
	wLowVersion: 0x0101
	wHighVersion: 0x9903
	szDescription: WOSA/XFS API v3.00/v2.00
	szSystemStatus: 
SrvcVersion: 
	wVersion: 0x0003
	wLowVersion: 0x0003
	wHighVersion: 0x0003
	szDescription: 
	szSystemStatus: 
SPIVersion: 
	wVersion: 0x0003
	wVersion: 0x0003
	wVersion: 0x0003
	wVersion: KT_SPI V2.00
	wVersion: 

10:48:04 -> 10:48:04>>Logger created.
10:48:04 -> Properties successfully retrieved from the registry.
10:48:04 -> Local queue Name:  .\private$\KTRRQ for reading already exists. No need to create.
10:48:04 -> Local queue  Name:  .\private$\KTRWQ for writing already exists. No need to create.
10:48:04 -> Local queue  Name: .\private$\KTRLQ for logging already exists. No need to create.
10:48:04 -> KTR10 Open First Check Attempt.
10:48:07 -> 10:48:07>>WFSVersion: 
	wVersion: 0x0003
	wLowVersion: 0x0101
	wHighVersion: 0x9903
	szDescription: WOSA/XFS API v3.00/v2.00
	szSystemStatus: 
SrvcVersion: 
	wVersion: 0x0003
	wLowVersion: 0x0003
	wHighVersion: 0x0003
	szDescription: 
	szSystemStatus: 
SPIVersion: 
	wVersion: 0x0003
	wVersion: 0x0003
	wVersion: 0x0003
	wVersion: KT_SPI V2.00
	wVersion: 

10:48:23 -> 10:48:23>>WFSVersion: 
	wVersion: 0x0003
	wLowVersion: 0x0101
	wHighVersion: 0x9903
	szDescription: WOSA/XFS API v3.00/v2.00
	szSystemStatus: 
SrvcVersion: 
	wVersion: 0x0003
	wLowVersion: 0x0003
	wHighVersion: 0x0003
	szDescription: 
	szSystemStatus: 
SPIVersion: 
	wVersion: 0x0003
	wVersion: 0x0003
	wVersion: 0x0003
	wVersion: KT_SPI V2.00
	wVersion: 

10:49:07 -> 10:49:07>>WFS_INF_CIM_STATUS:

10:49:07 -> 10:49:07>>CMND100300
10:49:07 -> 10:49:07>>WFS_INF_CIM_STATUS:
	fwDevice:0001
	fwSafeDoor:0004
	fwDispenser:0002
	fwIntermediateStacker:0004
	bDropBox: 

	fwPosition=32
	fwShutter=3
	fwTransportStatus= 3
	fwTransport=2

	fwPosition=4096
	fwShutter=3
	fwTransportStatus= 3
	fwTransport=2
	szExtra: 
	Location=CIM
	Level=Warning
	ErrorCode=000003ec
	Desc=Í¨ÐÅÊ§°Ü
	SPVersion=2.0.5.0
	DriverVersion=1.0.5.0
	FirmwareVersion=0000
	BvVersion=0000
	LastErrorCode=000003ec
	SensorCode=00 00 00 00 00 00 00 00 00 00 00 00 00 00 00 00 00 00 00 00 00 00 00 00 00 
10:49:09 -> 10:49:09>>WFS_INF_CIM_STATUS:

10:49:09 -> 10:49:09>>CMND100300
10:49:09 -> 10:49:09>>WFS_INF_CIM_STATUS:
	fwDevice:0001
	fwSafeDoor:0004
	fwDispenser:0002
	fwIntermediateStacker:0004
	bDropBox: 

	fwPosition=32
	fwShutter=3
	fwTransportStatus= 3
	fwTransport=2

	fwPosition=4096
	fwShutter=3
	fwTransportStatus= 3
	fwTransport=2
	szExtra: 
	Location=CIM
	Level=Warning
	ErrorCode=000003ec
	Desc=Í¨ÐÅÊ§°Ü
	SPVersion=2.0.5.0
	DriverVersion=1.0.5.0
	FirmwareVersion=0000
	BvVersion=0000
	LastErrorCode=000003ec
	SensorCode=00 00 00 00 00 00 00 00 00 00 00 00 00 00 00 00 00 00 00 00 00 00 00 00 00 
10:49:20 -> 10:49:20>>WFS_INF_CIM_STATUS:

10:49:20 -> 10:49:20>>CMND100300
10:49:20 -> 10:49:20>>WFS_INF_CIM_STATUS:
	fwDevice:0001
	fwSafeDoor:0004
	fwDispenser:0002
	fwIntermediateStacker:0004
	bDropBox: 

	fwPosition=32
	fwShutter=3
	fwTransportStatus= 3
	fwTransport=2

	fwPosition=4096
	fwShutter=3
	fwTransportStatus= 3
	fwTransport=2
	szExtra: 
	Location=CIM
	Level=Warning
	ErrorCode=000003ec
	Desc=Í¨ÐÅÊ§°Ü
	SPVersion=2.0.5.0
	DriverVersion=1.0.5.0
	FirmwareVersion=0000
	BvVersion=0000
	LastErrorCode=000003ec
	SensorCode=00 00 00 00 00 00 00 00 00 00 00 00 00 00 00 00 00 00 00 00 00 00 00 00 00 
10:49:28 -> 10:49:28>>WFSVersion: 
	wVersion: 0x0003
	wLowVersion: 0x0101
	wHighVersion: 0x9903
	szDescription: WOSA/XFS API v3.00/v2.00
	szSystemStatus: 
SrvcVersion: 
	wVersion: 0x0003
	wLowVersion: 0x0003
	wHighVersion: 0x0003
	szDescription: 
	szSystemStatus: 
SPIVersion: 
	wVersion: 0x0003
	wVersion: 0x0003
	wVersion: 0x0003
	wVersion: KT_SPI V2.00
	wVersion: 

10:49:45 -> 10:49:45>>WFS_INF_CIM_STATUS:

10:49:45 -> 10:49:45>>CMND100300
10:49:45 -> 10:49:45>>WFS_INF_CIM_STATUS:
	fwDevice:0001
	fwSafeDoor:0004
	fwDispenser:0002
	fwIntermediateStacker:0004
	bDropBox: 

	fwPosition=32
	fwShutter=3
	fwTransportStatus= 3
	fwTransport=2

	fwPosition=4096
	fwShutter=3
	fwTransportStatus= 3
	fwTransport=2
	szExtra: 
	Location=CIM
	Level=Warning
	ErrorCode=000003ec
	Desc=Í¨ÐÅÊ§°Ü
	SPVersion=2.0.5.0
	DriverVersion=1.0.5.0
	FirmwareVersion=0000
	BvVersion=0000
	LastErrorCode=000003ec
	SensorCode=00 00 00 00 00 00 00 00 00 00 00 00 00 00 00 00 00 00 00 00 00 00 00 00 00 
10:53:37 -> 10:53:37>>Service stopped.
11:22:32 -> 11:22:32>>Logger created.
11:22:32 -> Properties successfully retrieved from the registry.
11:22:32 -> Local queue Name:  .\private$\KTRRQ for reading already exists. No need to create.
11:22:32 -> Local queue  Name:  .\private$\KTRWQ for writing already exists. No need to create.
11:22:32 -> Local queue  Name: .\private$\KTRLQ for logging already exists. No need to create.
11:22:32 -> KTR10 Open First Check Attempt.
11:22:54 -> 11:22:54>>WFSVersion: 
	wVersion: 0x0003
	wLowVersion: 0x0101
	wHighVersion: 0x9903
	szDescription: WOSA/XFS API v3.00/v2.00
	szSystemStatus: 
SrvcVersion: 
	wVersion: 0x0003
	wLowVersion: 0x0003
	wHighVersion: 0x0003
	szDescription: 
	szSystemStatus: 
SPIVersion: 
	wVersion: 0x0003
	wVersion: 0x0003
	wVersion: 0x0003
	wVersion: KT_SPI V2.00
	wVersion: 

11:23:54 -> 11:23:54>>WFSVersion: 
	wVersion: 0x0003
	wLowVersion: 0x0101
	wHighVersion: 0x9903
	szDescription: WOSA/XFS API v3.00/v2.00
	szSystemStatus: 
SrvcVersion: 
	wVersion: 0x0003
	wLowVersion: 0x0003
	wHighVersion: 0x0003
	szDescription: 
	szSystemStatus: 
SPIVersion: 
	wVersion: 0x0003
	wVersion: 0x0003
	wVersion: 0x0003
	wVersion: KT_SPI V2.00
	wVersion: 

11:23:55 -> 11:23:55>>WFS_INF_CIM_STATUS:

11:23:55 -> 11:23:55>>CMND100300
11:23:55 -> 11:23:55>>WFS_INF_CIM_STATUS:
	fwDevice:0001
	fwSafeDoor:0004
	fwDispenser:0002
	fwIntermediateStacker:0004
	bDropBox: 

	fwPosition=32
	fwShutter=3
	fwTransportStatus= 3
	fwTransport=2

	fwPosition=4096
	fwShutter=3
	fwTransportStatus= 3
	fwTransport=2
	szExtra: 
	Location=CIM
	Level=Warning
	ErrorCode=000003ee
	Desc=Unknown
	SPVersion=2.0.5.0
	DriverVersion=1.0.5.0
	FirmwareVersion=0000
	BvVersion=0000
	LastErrorCode=000003ee
	SensorCode=00 00 00 00 00 00 00 00 00 00 00 00 00 00 00 00 00 00 00 00 00 00 00 00 00 
11:24:18 -> 11:24:18>>Logger created.
11:24:18 -> Properties successfully retrieved from the registry.
11:24:18 -> Local queue Name:  .\private$\KTRRQ for reading already exists. No need to create.
11:24:18 -> Local queue  Name:  .\private$\KTRWQ for writing already exists. No need to create.
11:24:18 -> Local queue  Name: .\private$\KTRLQ for logging already exists. No need to create.
11:24:18 -> KTR10 Open First Check Attempt.
11:25:00 -> 11:25:00>>WFSVersion: 
	wVersion: 0x0003
	wLowVersion: 0x0101
	wHighVersion: 0x9903
	szDescription: WOSA/XFS API v3.00/v2.00
	szSystemStatus: 
SrvcVersion: 
	wVersion: 0x0003
	wLowVersion: 0x0003
	wHighVersion: 0x0003
	szDescription: 
	szSystemStatus: 
SPIVersion: 
	wVersion: 0x0003
	wVersion: 0x0003
	wVersion: 0x0003
	wVersion: KT_SPI V2.00
	wVersion: 

11:25:42 -> 11:25:42>>Logger created.
11:25:42 -> Properties successfully retrieved from the registry.
11:25:42 -> Local queue Name:  .\private$\KTRRQ for reading already exists. No need to create.
11:25:42 -> Local queue  Name:  .\private$\KTRWQ for writing already exists. No need to create.
11:25:42 -> Local queue  Name: .\private$\KTRLQ for logging already exists. No need to create.
11:25:42 -> KTR10 Open First Check Attempt.
11:28:43 -> 11:28:43>>Logger created.
11:28:43 -> Properties successfully retrieved from the registry.
11:28:43 -> Local queue Name:  .\private$\KTRRQ for reading already exists. No need to create.
11:28:43 -> Local queue  Name:  .\private$\KTRWQ for writing already exists. No need to create.
11:28:43 -> Local queue  Name: .\private$\KTRLQ for logging already exists. No need to create.
11:28:43 -> KTR10 Open First Check Attempt.
11:29:06 -> 11:29:06>>WFSVersion: 
	wVersion: 0x0003
	wLowVersion: 0x0101
	wHighVersion: 0x9903
	szDescription: WOSA/XFS API v3.00/v2.00
	szSystemStatus: 
SrvcVersion: 
	wVersion: 0x0003
	wLowVersion: 0x0003
	wHighVersion: 0x0003
	szDescription: 
	szSystemStatus: 
SPIVersion: 
	wVersion: 0x0003
	wVersion: 0x0003
	wVersion: 0x0003
	wVersion: KT_SPI V2.00
	wVersion: 

11:29:07 -> 11:29:07>>WFS_INF_CIM_STATUS:

11:29:07 -> 11:29:07>>CMND100300
11:29:07 -> 11:29:07>>WFS_INF_CIM_STATUS:
	fwDevice:0000
	fwSafeDoor:0004
	fwDispenser:0000
	fwIntermediateStacker:0000
	bDropBox: 

	fwPosition=32
	fwShutter=0
	fwTransportStatus= 0
	fwTransport=0

	fwPosition=4096
	fwShutter=0
	fwTransportStatus= 0
	fwTransport=0
	szExtra: 
	Location=CIM
	Level=Success
	ErrorCode=00000000
	Desc=Success
	SPVersion=2.0.5.0
	DriverVersion=1.0.5.0
	FirmwareVersion=R10_FW_V1.04R107
	BvVersion=BV04F019D01BA020
	LastErrorCode=00000000
	SensorCode=ff ff f6 af cf ff ff ff ef ff ff de fd fe d2 fe d3 fe d2 fe d3 fe d2 ff ff 
11:29:28 -> 11:29:28>>WFSVersion: 
	wVersion: 0x0003
	wLowVersion: 0x0101
	wHighVersion: 0x9903
	szDescription: WOSA/XFS API v3.00/v2.00
	szSystemStatus: 
SrvcVersion: 
	wVersion: 0x0003
	wLowVersion: 0x0003
	wHighVersion: 0x0003
	szDescription: 
	szSystemStatus: 
SPIVersion: 
	wVersion: 0x0003
	wVersion: 0x0003
	wVersion: 0x0003
	wVersion: KT_SPI V2.00
	wVersion: 

11:29:29 -> 11:29:29>>WFS_INF_CIM_STATUS:

11:29:29 -> 11:29:29>>CMND100300
11:29:29 -> 11:29:29>>WFS_INF_CIM_STATUS:
	fwDevice:0000
	fwSafeDoor:0004
	fwDispenser:0000
	fwIntermediateStacker:0000
	bDropBox: 

	fwPosition=32
	fwShutter=0
	fwTransportStatus= 0
	fwTransport=0

	fwPosition=4096
	fwShutter=0
	fwTransportStatus= 0
	fwTransport=0
	szExtra: 
	Location=CIM
	Level=Success
	ErrorCode=00000000
	Desc=Success
	SPVersion=2.0.5.0
	DriverVersion=1.0.5.0
	FirmwareVersion=R10_FW_V1.04R107
	BvVersion=BV04F019D01BA020
	LastErrorCode=00000000
	SensorCode=ff ff f6 af cf ff ff ff ef ff ff de fd fe d2 fe d3 fe d2 fe d3 fe d2 ff ff 
11:29:31 -> 11:29:31>>CMND100400
11:29:31 -> 11:29:31>>WFS_CMD_CIM_OPEN_SHUTTER:
return  0

11:29:33 -> 11:29:33>>CMND100500
11:29:33 -> 11:29:33>> WFS_CMD_CIM_CLOSE_SHUTTER:
return 0

11:29:51 -> 11:29:51>>CMND100700
11:29:51 -> 11:29:51>>WFS_CMD_CIM_CASH_IN_START:
return 0

11:29:53 -> 11:29:53>>CMND100400
11:29:53 -> 11:29:53>>WFS_CMD_CIM_OPEN_SHUTTER:
return  0

11:30:01 -> 11:30:01>>CMND100500
11:30:01 -> 11:30:01>> WFS_CMD_CIM_CLOSE_SHUTTER:
return 0

11:30:20 -> 11:30:20>>CMND100800
11:30:20 -> 11:30:20>>WFS_CMD_CIM_CASH_IN:
return 0

11:30:22 -> 11:30:22>>CMND100400
11:30:22 -> 11:30:22>>WFS_CMD_CIM_OPEN_SHUTTER:
return  0

11:30:25 -> 11:30:25>>CMND101100
11:30:25 -> 11:30:25>>WFS_INF_CIM_CASH_IN_STATUS:
return :0
	wStatus = 2
	usNumOfRefused = 21
	lpNoteNumberList:
		usNumOfNoteNumbers = 0:
		lppNoteNumber:
	lpszExtra:


11:30:50 -> 11:30:50>>CMND100500
11:30:50 -> 11:30:50>> WFS_CMD_CIM_CLOSE_SHUTTER:
return 0

11:30:58 -> 11:30:58>>CMND100400
11:30:58 -> 11:30:58>>WFS_CMD_CIM_OPEN_SHUTTER:
return  0

11:31:05 -> 11:31:05>>CMND100500
11:31:05 -> 11:31:05>> WFS_CMD_CIM_CLOSE_SHUTTER:
return 0

11:31:25 -> 11:31:25>>CMND100800
11:31:25 -> 11:31:25>>WFS_CMD_CIM_CASH_IN:
return 0

11:31:27 -> 11:31:27>>CMND100400
11:31:27 -> 11:31:27>>WFS_CMD_CIM_OPEN_SHUTTER:
return  0

11:31:30 -> 11:31:30>>CMND101100
11:31:30 -> 11:31:30>>WFS_INF_CIM_CASH_IN_STATUS:
return :0
	wStatus = 2
	usNumOfRefused = 42
	lpNoteNumberList:
		usNumOfNoteNumbers = 0:
		lppNoteNumber:
	lpszExtra:


11:32:11 -> 11:32:11>>CMND100500
11:32:11 -> 11:32:11>> WFS_CMD_CIM_CLOSE_SHUTTER:
return 0

11:32:31 -> 11:32:31>>CMND100800
11:32:31 -> 11:32:31>>WFS_CMD_CIM_CASH_IN:
return 0

11:32:33 -> 11:32:33>>CMND100400
11:32:33 -> 11:32:33>>WFS_CMD_CIM_OPEN_SHUTTER:
return  0

11:32:35 -> 11:32:35>>CMND101100
11:32:35 -> 11:32:35>>WFS_INF_CIM_CASH_IN_STATUS:
return :0
	wStatus = 2
	usNumOfRefused = 63
	lpNoteNumberList:
		usNumOfNoteNumbers = 0:
		lppNoteNumber:
	lpszExtra:


11:32:59 -> 11:32:59>>CMND100500
11:32:59 -> 11:32:59>> WFS_CMD_CIM_CLOSE_SHUTTER:
return 0

11:33:01 -> 11:33:01>>Service stopped.
11:42:28 -> 11:42:28>>Logger created.
11:42:28 -> Properties successfully retrieved from the registry.
11:42:28 -> Local queue Name:  .\private$\KTRRQ for reading already exists. No need to create.
11:42:28 -> Local queue  Name:  .\private$\KTRWQ for writing already exists. No need to create.
11:42:28 -> Local queue  Name: .\private$\KTRLQ for logging already exists. No need to create.
11:42:28 -> KTR10 Open First Check Attempt.
11:42:31 -> 11:42:31>>WFSVersion: 
	wVersion: 0x0003
	wLowVersion: 0x0101
	wHighVersion: 0x9903
	szDescription: WOSA/XFS API v3.00/v2.00
	szSystemStatus: 
SrvcVersion: 
	wVersion: 0x0003
	wLowVersion: 0x0003
	wHighVersion: 0x0003
	szDescription: 
	szSystemStatus: 
SPIVersion: 
	wVersion: 0x0003
	wVersion: 0x0003
	wVersion: 0x0003
	wVersion: KT_SPI V2.00
	wVersion: 

11:42:32 -> 11:42:32>>WFSVersion: 
	wVersion: 0x0003
	wLowVersion: 0x0101
	wHighVersion: 0x9903
	szDescription: WOSA/XFS API v3.00/v2.00
	szSystemStatus: 
SrvcVersion: 
	wVersion: 0x0003
	wLowVersion: 0x0003
	wHighVersion: 0x0003
	szDescription: 
	szSystemStatus: 
SPIVersion: 
	wVersion: 0x0003
	wVersion: 0x0003
	wVersion: 0x0003
	wVersion: KT_SPI V2.00
	wVersion: 

11:42:34 -> 11:42:34>>CMND101500
11:42:34 -> 11:42:34>>WFS_INF_CIM_BANKNOTE_TYPES :
 return :0
	usNumOfNoteTypes = 12
		usNoteID	= 5153
		cCurrencyID	= TRY
		ulValues	= 1
		usRelease	= 2005
		bConfigured	= 0
		usNoteID	= 5155
		cCurrencyID	= TRY
		ulValues	= 5
		usRelease	= 2005
		bConfigured	= 0
		usNoteID	= 5156
		cCurrencyID	= TRY
		ulValues	= 10
		usRelease	= 2005
		bConfigured	= 1
		usNoteID	= 5157
		cCurrencyID	= TRY
		ulValues	= 20
		usRelease	= 2005
		bConfigured	= 1
		usNoteID	= 5158
		cCurrencyID	= TRY
		ulValues	= 50
		usRelease	= 2005
		bConfigured	= 1
		usNoteID	= 5159
		cCurrencyID	= TRY
		ulValues	= 100
		usRelease	= 2005
		bConfigured	= 1
		usNoteID	= 5187
		cCurrencyID	= TRY
		ulValues	= 5
		usRelease	= 2009
		bConfigured	= 0
		usNoteID	= 5188
		cCurrencyID	= TRY
		ulValues	= 10
		usRelease	= 2009
		bConfigured	= 1
		usNoteID	= 5189
		cCurrencyID	= TRY
		ulValues	= 20
		usRelease	= 2009
		bConfigured	= 1
		usNoteID	= 5190
		cCurrencyID	= TRY
		ulValues	= 50
		usRelease	= 2009
		bConfigured	= 1
		usNoteID	= 5191
		cCurrencyID	= TRY
		ulValues	= 100
		usRelease	= 2009
		bConfigured	= 1
		usNoteID	= 5192
		cCurrencyID	= TRY
		ulValues	= 200
		usRelease	= 2009
		bConfigured	= 0

11:42:56 -> 11:42:56>>CMND101600
11:42:56 -> 11:42:56>>WFS_INF_CIM_CASH_UNIT_INFO:
return :0
	usCount = 5
	lppCashIn:
		usNumber = 1
		fwType = 4
		fwItemType = 1
		cUnitID = CRT
		cCurrencyID = TRY
		ulValues = 0
		ulCashInCount = 25
		ulCount = 25
		ulMaximum = 3000
		usStatus = 6
		bAppLock = 0
		lpNoteNumberList:
			usNumOfNoteNumbers = 5
				usNoteID = 5187
				ulCount = 3
				usNoteID = 5188
				ulCount = 7
				usNoteID = 5189
				ulCount = 9
				usNoteID = 5190
				ulCount = 1
				usNoteID = 0
				ulCount = 5
		usNumPhysicalCUs = 1
		lppPhysical:
			lpPhysicalPositionName = RETRACT
			cUnitID = CRT
			ulCashInCount = 25
			ulCount = 25
			ulMaximum = 3000
			usPStatus = 6
			bHardwareSensors = 0
			lpszExtra:
		lpszExtra:

		usNumber = 2
		fwType = 1
		fwItemType = 1
		cUnitID = PD1
		cCurrencyID = TRY
		ulValues = 100
		ulCashInCount = 0
		ulCount = 0
		ulMaximum = 3000
		usStatus = 6
		bAppLock = 0
		lpNoteNumberList:
			usNumOfNoteNumbers = 2
				usNoteID = 5159
				ulCount = 0
				usNoteID = 5191
				ulCount = 0
		usNumPhysicalCUs = 1
		lppPhysical:
			lpPhysicalPositionName = CASSETTE1
			cUnitID = PD1
			ulCashInCount = 0
			ulCount = 0
			ulMaximum = 3000
			usPStatus = 6
			bHardwareSensors = 0
			lpszExtra:
		lpszExtra:

		usNumber = 3
		fwType = 1
		fwItemType = 1
		cUnitID = PD2
		cCurrencyID = TRY
		ulValues = 50
		ulCashInCount = 2
		ulCount = 2
		ulMaximum = 3000
		usStatus = 6
		bAppLock = 0
		lpNoteNumberList:
			usNumOfNoteNumbers = 2
				usNoteID = 5158
				ulCount = 0
				usNoteID = 5190
				ulCount = 2
		usNumPhysicalCUs = 1
		lppPhysical:
			lpPhysicalPositionName = CASSETTE2
			cUnitID = PD2
			ulCashInCount = 2
			ulCount = 2
			ulMaximum = 3000
			usPStatus = 6
			bHardwareSensors = 0
			lpszExtra:
		lpszExtra:

		usNumber = 4
		fwType = 1
		fwItemType = 1
		cUnitID = PD3
		cCurrencyID = TRY
		ulValues = 20
		ulCashInCount = 11
		ulCount = 9
		ulMaximum = 3000
		usStatus = 6
		bAppLock = 0
		lpNoteNumberList:
			usNumOfNoteNumbers = 2
				usNoteID = 5157
				ulCount = 0
				usNoteID = 5189
				ulCount = 11
		usNumPhysicalCUs = 1
		lppPhysical:
			lpPhysicalPositionName = CASSETTE3
			cUnitID = PD3
			ulCashInCount = 11
			ulCount = 9
			ulMaximum = 3000
			usPStatus = 6
			bHardwareSensors = 0
			lpszExtra:
		lpszExtra:

		usNumber = 5
		fwType = 1
		fwItemType = 1
		cUnitID = PD4
		cCurrencyID = TRY
		ulValues = 10
		ulCashInCount = 12
		ulCount = 12
		ulMaximum = 3000
		usStatus = 6
		bAppLock = 0
		lpNoteNumberList:
			usNumOfNoteNumbers = 2
				usNoteID = 5156
				ulCount = 0
				usNoteID = 5188
				ulCount = 12
		usNumPhysicalCUs = 1
		lppPhysical:
			lpPhysicalPositionName = CASSETTE4
			cUnitID = PD4
			ulCashInCount = 12
			ulCount = 12
			ulMaximum = 3000
			usPStatus = 6
			bHardwareSensors = 0
			lpszExtra:
		lpszExtra:


11:42:59 -> 11:42:59>>CMND101700
11:42:59 -> 11:42:59>>WFS_INF_CIM_CURRENCY_EXP:
WFS_INF_CIM_CURRENCY_EXP return :0
	cCurrencyID	= TRY
	sExponent	= 0

12:11:15 -> 12:11:15>>Service stopped.
12:23:09 -> 12:23:09>>Logger created.
12:23:09 -> Properties successfully retrieved from the registry.
12:23:09 -> Local queue Name:  .\private$\KTRRQ for reading already exists. No need to create.
12:23:09 -> Local queue  Name:  .\private$\KTRWQ for writing already exists. No need to create.
12:23:09 -> Local queue  Name: .\private$\KTRLQ for logging already exists. No need to create.
12:23:09 -> KTR10 Open First Check Attempt.
12:23:12 -> 12:23:12>>WFSVersion: 
	wVersion: 0x0003
	wLowVersion: 0x0101
	wHighVersion: 0x9903
	szDescription: WOSA/XFS API v3.00/v2.00
	szSystemStatus: 
SrvcVersion: 
	wVersion: 0x0003
	wLowVersion: 0x0003
	wHighVersion: 0x0003
	szDescription: 
	szSystemStatus: 
SPIVersion: 
	wVersion: 0x0003
	wVersion: 0x0003
	wVersion: 0x0003
	wVersion: KT_SPI V2.00
	wVersion: 

12:23:14 -> 12:23:14>>WFSVersion: 
	wVersion: 0x0003
	wLowVersion: 0x0101
	wHighVersion: 0x9903
	szDescription: WOSA/XFS API v3.00/v2.00
	szSystemStatus: 
SrvcVersion: 
	wVersion: 0x0003
	wLowVersion: 0x0003
	wHighVersion: 0x0003
	szDescription: 
	szSystemStatus: 
SPIVersion: 
	wVersion: 0x0003
	wVersion: 0x0003
	wVersion: 0x0003
	wVersion: KT_SPI V2.00
	wVersion: 

12:23:26 -> 12:23:26>>Service stopped.
12:23:38 -> 12:23:38>>Logger created.
12:23:38 -> Properties successfully retrieved from the registry.
12:23:38 -> Local queue Name:  .\private$\KTRRQ for reading already exists. No need to create.
12:23:38 -> Local queue  Name:  .\private$\KTRWQ for writing already exists. No need to create.
12:23:38 -> Local queue  Name: .\private$\KTRLQ for logging already exists. No need to create.
12:23:38 -> KTR10 Open First Check Attempt.
12:23:42 -> 12:23:42>>WFSVersion: 
	wVersion: 0x0003
	wLowVersion: 0x0101
	wHighVersion: 0x9903
	szDescription: WOSA/XFS API v3.00/v2.00
	szSystemStatus: 
SrvcVersion: 
	wVersion: 0x0003
	wLowVersion: 0x0003
	wHighVersion: 0x0003
	szDescription: 
	szSystemStatus: 
SPIVersion: 
	wVersion: 0x0003
	wVersion: 0x0003
	wVersion: 0x0003
	wVersion: KT_SPI V2.00
	wVersion: 

12:24:00 -> 12:24:00>>Service stopped.
12:26:19 -> 12:26:19>>Logger created.
12:26:19 -> Properties successfully retrieved from the registry.
12:26:19 -> Local queue Name:  .\private$\KTRRQ for reading already exists. No need to create.
12:26:19 -> Local queue  Name:  .\private$\KTRWQ for writing already exists. No need to create.
12:26:19 -> Local queue  Name: .\private$\KTRLQ for logging already exists. No need to create.
12:26:19 -> KTR10 Open First Check Attempt.
12:26:22 -> 12:26:22>>WFSVersion: 
	wVersion: 0x0003
	wLowVersion: 0x0101
	wHighVersion: 0x9903
	szDescription: WOSA/XFS API v3.00/v2.00
	szSystemStatus: 
SrvcVersion: 
	wVersion: 0x0003
	wLowVersion: 0x0003
	wHighVersion: 0x0003
	szDescription: 
	szSystemStatus: 
SPIVersion: 
	wVersion: 0x0003
	wVersion: 0x0003
	wVersion: 0x0003
	wVersion: KT_SPI V2.00
	wVersion: 

12:26:50 -> 12:26:50>>WFS_INF_CIM_STATUS:

12:26:50 -> 12:26:50>>CMND100300
12:26:50 -> 12:26:50>>WFS_INF_CIM_STATUS:
	fwDevice:0004
	fwSafeDoor:0004
	fwDispenser:0002
	fwIntermediateStacker:0000
	bDropBox: 

	fwPosition=32
	fwShutter=1
	fwTransportStatus= 0
	fwTransport=0

	fwPosition=4096
	fwShutter=1
	fwTransportStatus= 0
	fwTransport=0
	szExtra: 
	Location=CIM
	Level=Error
	ErrorCode=00012b01
	Desc=Unknown
	SPVersion=2.0.5.0
	DriverVersion=1.0.5.0
	FirmwareVersion=0000
	BvVersion=0000
	LastErrorCode=00012b01
	SensorCode=ff ff f5 af cf ff ff ff ef ff ff de fd fe d3 fe d3 fe d2 fe d3 fe d2 ff ff 
12:29:52 -> 12:29:52>>WFS_INF_CIM_STATUS:

12:29:52 -> 12:29:52>>CMND100300
12:29:52 -> 12:29:52>>WFS_INF_CIM_STATUS:
	fwDevice:0004
	fwSafeDoor:0004
	fwDispenser:0002
	fwIntermediateStacker:0000
	bDropBox: 

	fwPosition=32
	fwShutter=1
	fwTransportStatus= 0
	fwTransport=0

	fwPosition=4096
	fwShutter=1
	fwTransportStatus= 0
	fwTransport=0
	szExtra: 
	Location=CIM
	Level=Error
	ErrorCode=00012b01
	Desc=Unknown
	SPVersion=2.0.5.0
	DriverVersion=1.0.5.0
	FirmwareVersion=0000
	BvVersion=0000
	LastErrorCode=00012b01
	SensorCode=ff ff f5 af cf ff ff ff ef ff ff de fd fe d3 fe d3 fe d2 fe d3 fe d2 ff ff 
12:29:54 -> 12:29:54>>Service stopped.
12:32:17 -> 12:32:17>>Logger created.
12:32:17 -> Properties successfully retrieved from the registry.
12:32:17 -> Local queue Name:  .\private$\KTRRQ for reading already exists. No need to create.
12:32:17 -> Local queue  Name:  .\private$\KTRWQ for writing already exists. No need to create.
12:32:17 -> Local queue  Name: .\private$\KTRLQ for logging already exists. No need to create.
12:32:17 -> KTR10 Open First Check Attempt.
12:32:21 -> 12:32:21>>WFSVersion: 
	wVersion: 0x0003
	wLowVersion: 0x0101
	wHighVersion: 0x9903
	szDescription: WOSA/XFS API v3.00/v2.00
	szSystemStatus: 
SrvcVersion: 
	wVersion: 0x0003
	wLowVersion: 0x0003
	wHighVersion: 0x0003
	szDescription: 
	szSystemStatus: 
SPIVersion: 
	wVersion: 0x0003
	wVersion: 0x0003
	wVersion: 0x0003
	wVersion: KT_SPI V2.00
	wVersion: 

12:33:11 -> 12:33:11>>WFS_INF_CIM_STATUS:

12:33:11 -> 12:33:11>>CMND100300
12:33:11 -> 12:33:11>>WFS_INF_CIM_STATUS:
	fwDevice:0004
	fwSafeDoor:0004
	fwDispenser:0002
	fwIntermediateStacker:0000
	bDropBox: 

	fwPosition=32
	fwShutter=1
	fwTransportStatus= 0
	fwTransport=0

	fwPosition=4096
	fwShutter=1
	fwTransportStatus= 0
	fwTransport=0
	szExtra: 
	Location=CIM
	Level=Error
	ErrorCode=00012b01
	Desc=Unknown
	SPVersion=2.0.5.0
	DriverVersion=1.0.5.0
	FirmwareVersion=0000
	BvVersion=0000
	LastErrorCode=00012b01
	SensorCode=ff ff f5 af cf ff ff ff ef ff ff de fd fe d3 fe d3 fe d2 fe d3 fe d2 ff ff 
12:35:51 -> 12:35:51>>WFSVersion: 
	wVersion: 0x0003
	wLowVersion: 0x0101
	wHighVersion: 0x9903
	szDescription: WOSA/XFS API v3.00/v2.00
	szSystemStatus: 
SrvcVersion: 
	wVersion: 0x0003
	wLowVersion: 0x0003
	wHighVersion: 0x0003
	szDescription: 
	szSystemStatus: 
SPIVersion: 
	wVersion: 0x0003
	wVersion: 0x0003
	wVersion: 0x0003
	wVersion: KT_SPI V2.00
	wVersion: 

12:36:13 -> 12:36:13>>Service stopped.
12:36:24 -> 12:36:24>>Logger created.
12:36:24 -> Properties successfully retrieved from the registry.
12:36:24 -> Local queue Name:  .\private$\KTRRQ for reading already exists. No need to create.
12:36:24 -> Local queue  Name:  .\private$\KTRWQ for writing already exists. No need to create.
12:36:24 -> Local queue  Name: .\private$\KTRLQ for logging already exists. No need to create.
12:36:24 -> KTR10 Open First Check Attempt.
12:36:27 -> 12:36:27>>WFSVersion: 
	wVersion: 0x0003
	wLowVersion: 0x0101
	wHighVersion: 0x9903
	szDescription: WOSA/XFS API v3.00/v2.00
	szSystemStatus: 
SrvcVersion: 
	wVersion: 0x0003
	wLowVersion: 0x0003
	wHighVersion: 0x0003
	szDescription: 
	szSystemStatus: 
SPIVersion: 
	wVersion: 0x0003
	wVersion: 0x0003
	wVersion: 0x0003
	wVersion: KT_SPI V2.00
	wVersion: 

12:36:33 -> 12:36:33>>WFS_INF_CIM_STATUS:

12:36:33 -> 12:36:33>>CMND100300
12:36:33 -> 12:36:33>>WFS_INF_CIM_STATUS:
	fwDevice:0004
	fwSafeDoor:0004
	fwDispenser:0002
	fwIntermediateStacker:0000
	bDropBox: 

	fwPosition=32
	fwShutter=1
	fwTransportStatus= 0
	fwTransport=0

	fwPosition=4096
	fwShutter=1
	fwTransportStatus= 0
	fwTransport=0
	szExtra: 
	Location=CIM
	Level=Error
	ErrorCode=00012b01
	Desc=Unknown
	SPVersion=2.0.5.0
	DriverVersion=1.0.5.0
	FirmwareVersion=0000
	BvVersion=0000
	LastErrorCode=00012b01
	SensorCode=ff ff f5 af cf ff ff ff ef ff ff de fd fe d3 fe d3 fe d2 fe d3 fe d2 ff ff 
12:37:02 -> 12:37:02>>Service stopped.
12:43:15 -> 12:43:15>>Logger created.
12:43:15 -> Properties successfully retrieved from the registry.
12:43:15 -> Local queue Name:  .\private$\KTRRQ for reading already exists. No need to create.
12:43:15 -> Local queue  Name:  .\private$\KTRWQ for writing already exists. No need to create.
12:43:15 -> Local queue  Name: .\private$\KTRLQ for logging already exists. No need to create.
12:43:15 -> KTR10 Open First Check Attempt.
12:43:19 -> 12:43:19>>WFSVersion: 
	wVersion: 0x0003
	wLowVersion: 0x0101
	wHighVersion: 0x9903
	szDescription: WOSA/XFS API v3.00/v2.00
	szSystemStatus: 
SrvcVersion: 
	wVersion: 0x0003
	wLowVersion: 0x0003
	wHighVersion: 0x0003
	szDescription: 
	szSystemStatus: 
SPIVersion: 
	wVersion: 0x0003
	wVersion: 0x0003
	wVersion: 0x0003
	wVersion: KT_SPI V2.00
	wVersion: 

12:43:23 -> 12:43:23>>WFS_INF_CIM_STATUS:

12:43:23 -> 12:43:23>>CMND100300
12:43:23 -> 12:43:23>>WFS_INF_CIM_STATUS:
	fwDevice:0004
	fwSafeDoor:0004
	fwDispenser:0002
	fwIntermediateStacker:0000
	bDropBox: 

	fwPosition=32
	fwShutter=1
	fwTransportStatus= 0
	fwTransport=0

	fwPosition=4096
	fwShutter=1
	fwTransportStatus= 0
	fwTransport=0
	szExtra: 
	Location=CIM
	Level=Error
	ErrorCode=00012b01
	Desc=Unknown
	SPVersion=2.0.5.0
	DriverVersion=1.0.5.0
	FirmwareVersion=0000
	BvVersion=0000
	LastErrorCode=00012b01
	SensorCode=ff ff f5 af cf ff ff ff ef ff ff de fd fe d3 fe d3 fe d2 fe d3 fe d2 ff ff 
12:45:23 -> 12:45:23>>Service stopped.
12:59:25 -> 12:59:25>>Logger created.
12:59:25 -> Properties successfully retrieved from the registry.
12:59:25 -> Local queue Name:  .\private$\KTRRQ for reading already exists. No need to create.
12:59:25 -> Local queue  Name:  .\private$\KTRWQ for writing already exists. No need to create.
12:59:25 -> Local queue  Name: .\private$\KTRLQ for logging already exists. No need to create.
12:59:25 -> KTR10 Open First Check Attempt.
01:00:00 -> 01:00:00>>WFSVersion: 
	wVersion: 0x0003
	wLowVersion: 0x0101
	wHighVersion: 0x9903
	szDescription: WOSA/XFS API v3.00/v2.00
	szSystemStatus: 
SrvcVersion: 
	wVersion: 0x0003
	wLowVersion: 0x0003
	wHighVersion: 0x0003
	szDescription: 
	szSystemStatus: 
SPIVersion: 
	wVersion: 0x0003
	wVersion: 0x0003
	wVersion: 0x0003
	wVersion: KT_SPI V2.00
	wVersion: 

01:00:17 -> 01:00:17>>CMND100400
01:00:17 -> 01:00:17>>WFS_CMD_CIM_OPEN_SHUTTER:
return  0

01:00:57 -> 01:00:57>>CMND100501
01:00:57 -> 01:00:57>> WFS_CMD_CIM_CLOSE_SHUTTER:
return -1319
		CIM Error WFS_ERR_CIM_SHUTTERNOTCLOSED

01:01:04 -> 01:01:04>>WFS_INF_CIM_STATUS:

01:01:04 -> 01:01:04>>CMND100300
01:01:04 -> 01:01:04>>WFS_INF_CIM_STATUS:
	fwDevice:0004
	fwSafeDoor:0004
	fwDispenser:0002
	fwIntermediateStacker:0000
	bDropBox: 

	fwPosition=32
	fwShutter=1
	fwTransportStatus= 0
	fwTransport=0

	fwPosition=4096
	fwShutter=1
	fwTransportStatus= 0
	fwTransport=0
	szExtra: 
	Location=CIM
	Level=Error
	ErrorCode=00012b31
	Desc=Unknown
	SPVersion=2.0.5.0
	DriverVersion=1.0.5.0
	FirmwareVersion=R10_FW_V1.04R107
	BvVersion=BV04F019D01BA020
	LastErrorCode=00012b31
	SensorCode=c3 ff f5 af cf ff ff ff ef ff ff de fd fe d3 fe d3 fe d2 fe d3 fe d2 ff ff 
01:01:33 -> 01:01:33>>CMND100501
01:01:33 -> 01:01:33>> WFS_CMD_CIM_CLOSE_SHUTTER:
return -1319
		CIM Error WFS_ERR_CIM_SHUTTERNOTCLOSED

01:02:04 -> 01:02:04>>CMND100501
01:02:04 -> 01:02:04>> WFS_CMD_CIM_CLOSE_SHUTTER:
return -1319
		CIM Error WFS_ERR_CIM_SHUTTERNOTCLOSED

01:46:23 -> 01:46:23>>Service stopped.
01:55:02 -> 01:55:02>>Logger created.
01:55:02 -> Properties successfully retrieved from the registry.
01:55:02 -> Local queue Name:  .\private$\KTRRQ for reading already exists. No need to create.
01:55:02 -> Local queue  Name:  .\private$\KTRWQ for writing already exists. No need to create.
01:55:02 -> Local queue  Name: .\private$\KTRLQ for logging already exists. No need to create.
01:55:02 -> KTR10 Open First Check Attempt.
01:55:04 -> 01:55:04>>WFSVersion: 
	wVersion: 0x0003
	wLowVersion: 0x0101
	wHighVersion: 0x9903
	szDescription: WOSA/XFS API v3.00/v2.00
	szSystemStatus: 
SrvcVersion: 
	wVersion: 0x0003
	wLowVersion: 0x0003
	wHighVersion: 0x0003
	szDescription: 
	szSystemStatus: 
SPIVersion: 
	wVersion: 0x0003
	wVersion: 0x0003
	wVersion: 0x0003
	wVersion: KT_SPI V2.00
	wVersion: 

01:55:08 -> 01:55:08>>WFSVersion: 
	wVersion: 0x0003
	wLowVersion: 0x0101
	wHighVersion: 0x9903
	szDescription: WOSA/XFS API v3.00/v2.00
	szSystemStatus: 
SrvcVersion: 
	wVersion: 0x0003
	wLowVersion: 0x0003
	wHighVersion: 0x0003
	szDescription: 
	szSystemStatus: 
SPIVersion: 
	wVersion: 0x0003
	wVersion: 0x0003
	wVersion: 0x0003
	wVersion: KT_SPI V2.00
	wVersion: 

02:41:53 -> 02:41:53>>WFSVersion: 
	wVersion: 0x0003
	wLowVersion: 0x0101
	wHighVersion: 0x9903
	szDescription: WOSA/XFS API v3.00/v2.00
	szSystemStatus: 
SrvcVersion: 
	wVersion: 0x0003
	wLowVersion: 0x0003
	wHighVersion: 0x0003
	szDescription: 
	szSystemStatus: 
SPIVersion: 
	wVersion: 0x0003
	wVersion: 0x0003
	wVersion: 0x0003
	wVersion: KT_SPI V2.00
	wVersion: 

02:44:32 -> 02:44:32>>WFSVersion: 
	wVersion: 0x0003
	wLowVersion: 0x0101
	wHighVersion: 0x9903
	szDescription: WOSA/XFS API v3.00/v2.00
	szSystemStatus: 
SrvcVersion: 
	wVersion: 0x0003
	wLowVersion: 0x0003
	wHighVersion: 0x0003
	szDescription: 
	szSystemStatus: 
SPIVersion: 
	wVersion: 0x0003
	wVersion: 0x0003
	wVersion: 0x0003
	wVersion: KT_SPI V2.00
	wVersion: 

02:46:44 -> 02:46:44>>WFSVersion: 
	wVersion: 0x0003
	wLowVersion: 0x0101
	wHighVersion: 0x9903
	szDescription: WOSA/XFS API v3.00/v2.00
	szSystemStatus: 
SrvcVersion: 
	wVersion: 0x0003
	wLowVersion: 0x0003
	wHighVersion: 0x0003
	szDescription: 
	szSystemStatus: 
SPIVersion: 
	wVersion: 0x0003
	wVersion: 0x0003
	wVersion: 0x0003
	wVersion: KT_SPI V2.00
	wVersion: 

02:58:08 -> 02:58:08>>Service stopped.
03:10:26 -> 03:10:26>>Logger created.
03:10:26 -> Properties successfully retrieved from the registry.
03:10:26 -> Local queue Name:  .\private$\KTRRQ for reading already exists. No need to create.
03:10:26 -> Local queue  Name:  .\private$\KTRWQ for writing already exists. No need to create.
03:10:26 -> Local queue  Name: .\private$\KTRLQ for logging already exists. No need to create.
03:10:26 -> KTR10 Open First Check Attempt.
03:10:39 -> 03:10:39>>Service stopped.
03:10:45 -> 03:10:45>>Logger created.
03:10:45 -> Properties successfully retrieved from the registry.
03:10:45 -> Local queue Name:  .\private$\KTRRQ for reading already exists. No need to create.
03:10:45 -> Local queue  Name:  .\private$\KTRWQ for writing already exists. No need to create.
03:10:45 -> Local queue  Name: .\private$\KTRLQ for logging already exists. No need to create.
03:10:45 -> KTR10 Open First Check Attempt.
03:11:52 -> 03:11:52>>Logger created.
03:11:52 -> Properties successfully retrieved from the registry.
03:11:52 -> Local queue Name:  .\private$\KTRRQ for reading already exists. No need to create.
03:11:52 -> Local queue  Name:  .\private$\KTRWQ for writing already exists. No need to create.
03:11:52 -> Local queue  Name: .\private$\KTRLQ for logging already exists. No need to create.
03:11:52 -> KTR10 Open First Check Attempt.
03:11:59 -> 03:11:59>>WFSVersion: 
	wVersion: 0x0003
	wLowVersion: 0x0101
	wHighVersion: 0x9903
	szDescription: WOSA/XFS API v3.00/v2.00
	szSystemStatus: 
SrvcVersion: 
	wVersion: 0x0003
	wLowVersion: 0x0003
	wHighVersion: 0x0003
	szDescription: 
	szSystemStatus: 
SPIVersion: 
	wVersion: 0x0003
	wVersion: 0x0003
	wVersion: 0x0003
	wVersion: KT_SPI V2.00
	wVersion: 

03:12:03 -> 03:12:03>>Service stopped.
03:12:06 -> 03:12:06>>Logger created.
03:12:06 -> Properties successfully retrieved from the registry.
03:12:06 -> Local queue Name:  .\private$\KTRRQ for reading already exists. No need to create.
03:12:06 -> Local queue  Name:  .\private$\KTRWQ for writing already exists. No need to create.
03:12:06 -> Local queue  Name: .\private$\KTRLQ for logging already exists. No need to create.
03:12:06 -> KTR10 Open First Check Attempt.
03:13:25 -> 03:13:25>>WFSVersion: 
	wVersion: 0x0003
	wLowVersion: 0x0101
	wHighVersion: 0x9903
	szDescription: WOSA/XFS API v3.00/v2.00
	szSystemStatus: 
SrvcVersion: 
	wVersion: 0x0003
	wLowVersion: 0x0003
	wHighVersion: 0x0003
	szDescription: 
	szSystemStatus: 
SPIVersion: 
	wVersion: 0x0003
	wVersion: 0x0003
	wVersion: 0x0003
	wVersion: KT_SPI V2.00
	wVersion: 

03:16:25 -> 03:16:25>>Logger created.
03:16:25 -> Properties successfully retrieved from the registry.
03:16:25 -> Local queue Name:  .\private$\KTRRQ for reading already exists. No need to create.
03:16:25 -> Local queue  Name:  .\private$\KTRWQ for writing already exists. No need to create.
03:16:25 -> Local queue  Name: .\private$\KTRLQ for logging already exists. No need to create.
03:16:25 -> KTR10 Open First Check Attempt.
03:16:53 -> 03:16:53>>WFSVersion: 
	wVersion: 0x0003
	wLowVersion: 0x0101
	wHighVersion: 0x9903
	szDescription: WOSA/XFS API v3.00/v2.00
	szSystemStatus: 
SrvcVersion: 
	wVersion: 0x0003
	wLowVersion: 0x0003
	wHighVersion: 0x0003
	szDescription: 
	szSystemStatus: 
SPIVersion: 
	wVersion: 0x0003
	wVersion: 0x0003
	wVersion: 0x0003
	wVersion: KT_SPI V2.00
	wVersion: 

03:36:45 -> 03:36:45>>Logger created.
03:36:45 -> Properties successfully retrieved from the registry.
03:36:45 -> Local queue Name:  .\private$\KTRRQ for reading already exists. No need to create.
03:36:45 -> Local queue  Name:  .\private$\KTRWQ for writing already exists. No need to create.
03:36:45 -> Local queue  Name: .\private$\KTRLQ for logging already exists. No need to create.
03:36:45 -> KTR10 Open First Check Attempt.
03:39:46 -> 03:39:46>>Logger created.
03:39:46 -> Properties successfully retrieved from the registry.
03:39:46 -> Local queue Name:  .\private$\KTRRQ for reading already exists. No need to create.
03:39:46 -> Local queue  Name:  .\private$\KTRWQ for writing already exists. No need to create.
03:39:46 -> Local queue  Name: .\private$\KTRLQ for logging already exists. No need to create.
03:39:46 -> KTR10 Open First Check Attempt.
03:39:47 -> 03:39:47>>WFSVersion: 
	wVersion: 0x0003
	wLowVersion: 0x0101
	wHighVersion: 0x9903
	szDescription: WOSA/XFS API v3.00/v2.00
	szSystemStatus: 
SrvcVersion: 
	wVersion: 0x0003
	wLowVersion: 0x0003
	wHighVersion: 0x0003
	szDescription: 
	szSystemStatus: 
SPIVersion: 
	wVersion: 0x0003
	wVersion: 0x0003
	wVersion: 0x0003
	wVersion: KT_SPI V2.00
	wVersion: 

03:39:49 -> 03:39:49>>WFSVersion: 
	wVersion: 0x0003
	wLowVersion: 0x0101
	wHighVersion: 0x9903
	szDescription: WOSA/XFS API v3.00/v2.00
	szSystemStatus: 
SrvcVersion: 
	wVersion: 0x0003
	wLowVersion: 0x0003
	wHighVersion: 0x0003
	szDescription: 
	szSystemStatus: 
SPIVersion: 
	wVersion: 0x0003
	wVersion: 0x0003
	wVersion: 0x0003
	wVersion: KT_SPI V2.00
	wVersion: 

03:40:42 -> 03:40:42>>WFSVersion: 
	wVersion: 0x0003
	wLowVersion: 0x0101
	wHighVersion: 0x9903
	szDescription: WOSA/XFS API v3.00/v2.00
	szSystemStatus: 
SrvcVersion: 
	wVersion: 0x0003
	wLowVersion: 0x0003
	wHighVersion: 0x0003
	szDescription: 
	szSystemStatus: 
SPIVersion: 
	wVersion: 0x0003
	wVersion: 0x0003
	wVersion: 0x0003
	wVersion: KT_SPI V2.00
	wVersion: 

03:40:43 -> 03:40:43>>WFS_INF_CIM_STATUS:

03:40:43 -> 03:40:43>>CMND100300
03:40:43 -> 03:40:43>>WFS_INF_CIM_STATUS:
	fwDevice:0001
	fwSafeDoor:0004
	fwDispenser:0002
	fwIntermediateStacker:0004
	bDropBox: 

	fwPosition=32
	fwShutter=3
	fwTransportStatus= 3
	fwTransport=2

	fwPosition=4096
	fwShutter=3
	fwTransportStatus= 3
	fwTransport=2
	szExtra: 
	Location=CIM
	Level=Warning
	ErrorCode=000003ec
	Desc=Í¨ÐÅÊ§°Ü
	SPVersion=2.0.5.0
	DriverVersion=1.0.5.0
	FirmwareVersion=0000
	BvVersion=0000
	LastErrorCode=000003ec
	SensorCode=00 00 00 00 00 00 00 00 00 00 00 00 00 00 00 00 00 00 00 00 00 00 00 00 00 
03:47:42 -> 03:47:42>>Logger created.
03:47:42 -> Properties successfully retrieved from the registry.
03:47:42 -> Local queue Name:  .\private$\KTRRQ for reading already exists. No need to create.
03:47:42 -> Local queue  Name:  .\private$\KTRWQ for writing already exists. No need to create.
03:47:42 -> Local queue  Name: .\private$\KTRLQ for logging already exists. No need to create.
03:47:42 -> KTR10 Open First Check Attempt.
03:55:11 -> 03:55:11>>Logger created.
03:55:11 -> Properties successfully retrieved from the registry.
03:55:11 -> Local queue Name:  .\private$\KTRRQ for reading already exists. No need to create.
03:55:11 -> Local queue  Name:  .\private$\KTRWQ for writing already exists. No need to create.
03:55:11 -> Local queue  Name: .\private$\KTRLQ for logging already exists. No need to create.
03:55:11 -> KTR10 Open First Check Attempt.
04:23:25 -> 04:23:25>>Logger created.
04:23:39 -> Properties successfully retrieved from the registry.
04:23:41 -> Local queue Name:  .\private$\KTRRQ for reading already exists. No need to create.
04:23:41 -> Local queue  Name:  .\private$\KTRWQ for writing already exists. No need to create.
04:23:41 -> Local queue  Name: .\private$\KTRLQ for logging already exists. No need to create.
04:23:42 -> KTR10 Open First Check Attempt.
04:48:30 -> 04:48:30>>Logger created.
04:48:30 -> Properties successfully retrieved from the registry.
04:48:30 -> Local queue Name:  .\private$\KTRRQ for reading already exists. No need to create.
04:48:30 -> Local queue  Name:  .\private$\KTRWQ for writing already exists. No need to create.
04:48:30 -> Local queue  Name: .\private$\KTRLQ for logging already exists. No need to create.
04:48:30 -> KTR10 Open First Check Attempt.
04:48:47 -> 04:48:47>>WFSVersion: 
	wVersion: 0x0003
	wLowVersion: 0x0101
	wHighVersion: 0x9903
	szDescription: WOSA/XFS API v3.00/v2.00
	szSystemStatus: 
SrvcVersion: 
	wVersion: 0x0003
	wLowVersion: 0x0003
	wHighVersion: 0x0003
	szDescription: 
	szSystemStatus: 
SPIVersion: 
	wVersion: 0x0003
	wVersion: 0x0003
	wVersion: 0x0003
	wVersion: KT_SPI V2.00
	wVersion: 

04:48:49 -> 04:48:49>>WFS_INF_CIM_STATUS:

04:48:49 -> 04:48:49>>CMND100300
04:48:49 -> 04:48:49>>WFS_INF_CIM_STATUS:
	fwDevice:0001
	fwSafeDoor:0004
	fwDispenser:0002
	fwIntermediateStacker:0004
	bDropBox: 

	fwPosition=32
	fwShutter=3
	fwTransportStatus= 3
	fwTransport=2

	fwPosition=4096
	fwShutter=3
	fwTransportStatus= 3
	fwTransport=2
	szExtra: 
	Location=CIM
	Level=Warning
	ErrorCode=000003ec
	Desc=Í¨ÐÅÊ§°Ü
	SPVersion=2.0.5.0
	DriverVersion=1.0.5.0
	FirmwareVersion=0000
	BvVersion=0000
	LastErrorCode=000003ec
	SensorCode=00 00 00 00 00 00 00 00 00 00 00 00 00 00 00 00 00 00 00 00 00 00 00 00 00 
05:04:40 -> 05:04:40>>WFSVersion: 
	wVersion: 0x0003
	wLowVersion: 0x0101
	wHighVersion: 0x9903
	szDescription: WOSA/XFS API v3.00/v2.00
	szSystemStatus: 
SrvcVersion: 
	wVersion: 0x0003
	wLowVersion: 0x0003
	wHighVersion: 0x0003
	szDescription: 
	szSystemStatus: 
SPIVersion: 
	wVersion: 0x0003
	wVersion: 0x0003
	wVersion: 0x0003
	wVersion: KT_SPI V2.00
	wVersion: 

05:04:50 -> 05:04:50>>WFSVersion: 
	wVersion: 0x0003
	wLowVersion: 0x0101
	wHighVersion: 0x9903
	szDescription: WOSA/XFS API v3.00/v2.00
	szSystemStatus: 
SrvcVersion: 
	wVersion: 0x0003
	wLowVersion: 0x0003
	wHighVersion: 0x0003
	szDescription: 
	szSystemStatus: 
SPIVersion: 
	wVersion: 0x0003
	wVersion: 0x0003
	wVersion: 0x0003
	wVersion: KT_SPI V2.00
	wVersion: 

05:04:53 -> 05:04:53>>WFS_INF_CIM_STATUS:

05:04:53 -> 05:04:53>>CMND100300
05:04:53 -> 05:04:53>>WFS_INF_CIM_STATUS:
	fwDevice:0001
	fwSafeDoor:0004
	fwDispenser:0002
	fwIntermediateStacker:0004
	bDropBox: 

	fwPosition=32
	fwShutter=3
	fwTransportStatus= 3
	fwTransport=2

	fwPosition=4096
	fwShutter=3
	fwTransportStatus= 3
	fwTransport=2
	szExtra: 
	Location=CIM
	Level=Warning
	ErrorCode=000003ec
	Desc=Í¨ÐÅÊ§°Ü
	SPVersion=2.0.5.0
	DriverVersion=1.0.5.0
	FirmwareVersion=0000
	BvVersion=0000
	LastErrorCode=000003ec
	SensorCode=00 00 00 00 00 00 00 00 00 00 00 00 00 00 00 00 00 00 00 00 00 00 00 00 00 
05:05:21 -> 05:05:21>>CMND101100
05:05:21 -> 05:05:21>>WFS_INF_CIM_CASH_IN_STATUS:
return :0
	wStatus = 0
	usNumOfRefused = 0
	lpNoteNumberList:
		usNumOfNoteNumbers = 0:
		lppNoteNumber:
	lpszExtra:


05:17:06 -> 05:17:06>>WFSVersion: 
	wVersion: 0x0003
	wLowVersion: 0x0101
	wHighVersion: 0x9903
	szDescription: WOSA/XFS API v3.00/v2.00
	szSystemStatus: 
SrvcVersion: 
	wVersion: 0x0003
	wLowVersion: 0x0003
	wHighVersion: 0x0003
	szDescription: 
	szSystemStatus: 
SPIVersion: 
	wVersion: 0x0003
	wVersion: 0x0003
	wVersion: 0x0003
	wVersion: KT_SPI V2.00
	wVersion: 

05:18:10 -> 05:18:10>>WFS_INF_CIM_STATUS:

05:18:10 -> 05:18:10>>CMND100300
05:18:10 -> 05:18:10>>WFS_INF_CIM_STATUS:
	fwDevice:0001
	fwSafeDoor:0004
	fwDispenser:0002
	fwIntermediateStacker:0004
	bDropBox: 

	fwPosition=32
	fwShutter=3
	fwTransportStatus= 3
	fwTransport=2

	fwPosition=4096
	fwShutter=3
	fwTransportStatus= 3
	fwTransport=2
	szExtra: 
	Location=CIM
	Level=Warning
	ErrorCode=000003ec
	Desc=Í¨ÐÅÊ§°Ü
	SPVersion=2.0.5.0
	DriverVersion=1.0.5.0
	FirmwareVersion=0000
	BvVersion=0000
	LastErrorCode=000003ec
	SensorCode=00 00 00 00 00 00 00 00 00 00 00 00 00 00 00 00 00 00 00 00 00 00 00 00 00 
05:18:51 -> 05:18:51>>WFSVersion: 
	wVersion: 0x0003
	wLowVersion: 0x0101
	wHighVersion: 0x9903
	szDescription: WOSA/XFS API v3.00/v2.00
	szSystemStatus: 
SrvcVersion: 
	wVersion: 0x0003
	wLowVersion: 0x0003
	wHighVersion: 0x0003
	szDescription: 
	szSystemStatus: 
SPIVersion: 
	wVersion: 0x0003
	wVersion: 0x0003
	wVersion: 0x0003
	wVersion: KT_SPI V2.00
	wVersion: 

05:36:50 -> 05:36:50>>WFSVersion: 
	wVersion: 0x0003
	wLowVersion: 0x0101
	wHighVersion: 0x9903
	szDescription: WOSA/XFS API v3.00/v2.00
	szSystemStatus: 
SrvcVersion: 
	wVersion: 0x0003
	wLowVersion: 0x0003
	wHighVersion: 0x0003
	szDescription: 
	szSystemStatus: 
SPIVersion: 
	wVersion: 0x0003
	wVersion: 0x0003
	wVersion: 0x0003
	wVersion: KT_SPI V2.00
	wVersion: 

05:42:16 -> 05:42:16>>WFSVersion: 
	wVersion: 0x0003
	wLowVersion: 0x0101
	wHighVersion: 0x9903
	szDescription: WOSA/XFS API v3.00/v2.00
	szSystemStatus: 
SrvcVersion: 
	wVersion: 0x0003
	wLowVersion: 0x0003
	wHighVersion: 0x0003
	szDescription: 
	szSystemStatus: 
SPIVersion: 
	wVersion: 0x0003
	wVersion: 0x0003
	wVersion: 0x0003
	wVersion: KT_SPI V2.00
	wVersion: 

05:42:24 -> 05:42:24>>Service stopped.
05:42:58 -> 05:42:58>>Logger created.
05:42:58 -> Properties successfully retrieved from the registry.
05:42:58 -> Local queue Name:  .\private$\KTRRQ for reading already exists. No need to create.
05:42:58 -> Local queue  Name:  .\private$\KTRWQ for writing already exists. No need to create.
05:42:58 -> Local queue  Name: .\private$\KTRLQ for logging already exists. No need to create.
05:42:58 -> KTR10 Open First Check Attempt.
05:43:01 -> 05:43:01>>WFSVersion: 
	wVersion: 0x0003
	wLowVersion: 0x0101
	wHighVersion: 0x9903
	szDescription: WOSA/XFS API v3.00/v2.00
	szSystemStatus: 
SrvcVersion: 
	wVersion: 0x0003
	wLowVersion: 0x0003
	wHighVersion: 0x0003
	szDescription: 
	szSystemStatus: 
SPIVersion: 
	wVersion: 0x0003
	wVersion: 0x0003
	wVersion: 0x0003
	wVersion: KT_SPI V2.00
	wVersion: 

05:43:13 -> 05:43:13>>Service stopped.
05:43:26 -> 05:43:26>>Logger created.
05:43:26 -> Properties successfully retrieved from the registry.
05:43:26 -> Local queue Name:  .\private$\KTRRQ for reading already exists. No need to create.
05:43:26 -> Local queue  Name:  .\private$\KTRWQ for writing already exists. No need to create.
05:43:26 -> Local queue  Name: .\private$\KTRLQ for logging already exists. No need to create.
05:43:26 -> KTR10 Open First Check Attempt.
05:43:54 -> 05:43:54>>WFSVersion: 
	wVersion: 0x0003
	wLowVersion: 0x0101
	wHighVersion: 0x9903
	szDescription: WOSA/XFS API v3.00/v2.00
	szSystemStatus: 
SrvcVersion: 
	wVersion: 0x0003
	wLowVersion: 0x0003
	wHighVersion: 0x0003
	szDescription: 
	szSystemStatus: 
SPIVersion: 
	wVersion: 0x0003
	wVersion: 0x0003
	wVersion: 0x0003
	wVersion: KT_SPI V2.00
	wVersion: 

05:43:57 -> 05:43:57>>CMND100700
05:43:57 -> 05:43:57>>WFS_CMD_CIM_CASH_IN_START:
return 0

05:44:09 -> 05:44:09>>CMND100400
05:44:09 -> 05:44:09>>WFS_CMD_CIM_OPEN_SHUTTER:
return  0

05:44:39 -> 05:44:39>>CMND100500
05:44:39 -> 05:44:39>> WFS_CMD_CIM_CLOSE_SHUTTER:
return 0

05:44:55 -> 05:44:55>>CMND100500
05:44:55 -> 05:44:55>> WFS_CMD_CIM_CLOSE_SHUTTER:
return 0

05:45:04 -> 05:45:04>>CMND100400
05:45:04 -> 05:45:04>>WFS_CMD_CIM_OPEN_SHUTTER:
return  0

05:45:43 -> 05:45:43>>CMND100500
05:45:43 -> 05:45:43>> WFS_CMD_CIM_CLOSE_SHUTTER:
return 0

05:46:04 -> 05:46:04>>CMND100400
05:46:04 -> 05:46:04>>WFS_CMD_CIM_OPEN_SHUTTER:
return  0

05:46:27 -> 05:46:27>>CMND100500
05:46:27 -> 05:46:27>> WFS_CMD_CIM_CLOSE_SHUTTER:
return 0

05:47:12 -> 05:47:12>>CMND100500
05:47:12 -> 05:47:12>> WFS_CMD_CIM_CLOSE_SHUTTER:
return 0

05:47:20 -> 05:47:20>>CMND100501
05:47:20 -> 05:47:20>> WFS_CMD_CIM_CLOSE_SHUTTER:
return -14
		General Error WFS_ERR_HARDWARE_ERROR

05:47:26 -> 05:47:26>>CMND100401
05:47:26 -> 05:47:26>>WFS_CMD_CIM_OPEN_SHUTTER:
return  -14
		General Error WFS_ERR_HARDWARE_ERROR

05:47:28 -> 05:47:28>>CMND100501
05:47:28 -> 05:47:28>> WFS_CMD_CIM_CLOSE_SHUTTER:
return -14
		General Error WFS_ERR_HARDWARE_ERROR

05:47:32 -> 05:47:32>>Service stopped.
05:48:23 -> 05:48:23>>Logger created.
05:48:23 -> Properties successfully retrieved from the registry.
05:48:23 -> Local queue Name:  .\private$\KTRRQ for reading already exists. No need to create.
05:48:23 -> Local queue  Name:  .\private$\KTRWQ for writing already exists. No need to create.
05:48:23 -> Local queue  Name: .\private$\KTRLQ for logging already exists. No need to create.
05:48:23 -> KTR10 Open First Check Attempt.
05:48:51 -> 05:48:51>>WFSVersion: 
	wVersion: 0x0003
	wLowVersion: 0x0101
	wHighVersion: 0x9903
	szDescription: WOSA/XFS API v3.00/v2.00
	szSystemStatus: 
SrvcVersion: 
	wVersion: 0x0003
	wLowVersion: 0x0003
	wHighVersion: 0x0003
	szDescription: 
	szSystemStatus: 
SPIVersion: 
	wVersion: 0x0003
	wVersion: 0x0003
	wVersion: 0x0003
	wVersion: KT_SPI V2.00
	wVersion: 

05:48:52 -> 05:48:52>>CMND101100
05:48:52 -> 05:48:52>>WFS_INF_CIM_CASH_IN_STATUS:
return :0
	wStatus = 2
	usNumOfRefused = 0
	lpNoteNumberList:
		usNumOfNoteNumbers = 0:
		lppNoteNumber:
	lpszExtra:


05:48:53 -> 05:48:53>>CMND101100
05:48:53 -> 05:48:53>>WFS_INF_CIM_CASH_IN_STATUS:
return :0
	wStatus = 2
	usNumOfRefused = 0
	lpNoteNumberList:
		usNumOfNoteNumbers = 0:
		lppNoteNumber:
	lpszExtra:


05:49:06 -> 05:49:06>>CMND101500
05:49:06 -> 05:49:06>>WFS_INF_CIM_BANKNOTE_TYPES :
 return :0
	usNumOfNoteTypes = 27
		usNoteID	= 5153
		cCurrencyID	= TRY
		ulValues	= 1
		usRelease	= 2005
		bConfigured	= 0
		usNoteID	= 5155
		cCurrencyID	= TRY
		ulValues	= 5
		usRelease	= 2005
		bConfigured	= 0
		usNoteID	= 5156
		cCurrencyID	= TRY
		ulValues	= 10
		usRelease	= 2005
		bConfigured	= 1
		usNoteID	= 5157
		cCurrencyID	= TRY
		ulValues	= 20
		usRelease	= 2005
		bConfigured	= 1
		usNoteID	= 5158
		cCurrencyID	= TRY
		ulValues	= 50
		usRelease	= 2005
		bConfigured	= 1
		usNoteID	= 5159
		cCurrencyID	= TRY
		ulValues	= 100
		usRelease	= 2005
		bConfigured	= 1
		usNoteID	= 5187
		cCurrencyID	= TRY
		ulValues	= 5
		usRelease	= 2009
		bConfigured	= 0
		usNoteID	= 5188
		cCurrencyID	= TRY
		ulValues	= 10
		usRelease	= 2009
		bConfigured	= 1
		usNoteID	= 5189
		cCurrencyID	= TRY
		ulValues	= 20
		usRelease	= 2009
		bConfigured	= 1
		usNoteID	= 5190
		cCurrencyID	= TRY
		ulValues	= 50
		usRelease	= 2009
		bConfigured	= 1
		usNoteID	= 5191
		cCurrencyID	= TRY
		ulValues	= 100
		usRelease	= 2009
		bConfigured	= 1
		usNoteID	= 5192
		cCurrencyID	= TRY
		ulValues	= 200
		usRelease	= 2009
		bConfigured	= 0
		usNoteID	= 4204
		cCurrencyID	= IRR
		ulValues	= 5000
		usRelease	= 2013
		bConfigured	= 1
		usNoteID	= 4206
		cCurrencyID	= IRR
		ulValues	= 20000
		usRelease	= 2015
		bConfigured	= 1
		usNoteID	= 4207
		cCurrencyID	= IRR
		ulValues	= 50000
		usRelease	= 2015
		bConfigured	= 1
		usNoteID	= 4210
		cCurrencyID	= IRR
		ulValues	= 500000
		usRelease	= 2015
		bConfigured	= 1
		usNoteID	= 4142
		cCurrencyID	= IRR
		ulValues	= 1000
		usRelease	= 1992
		bConfigured	= 1
		usNoteID	= 4139
		cCurrencyID	= IRR
		ulValues	= 2000
		usRelease	= 2000
		bConfigured	= 1
		usNoteID	= 4140
		cCurrencyID	= IRR
		ulValues	= 5000
		usRelease	= 1993
		bConfigured	= 1
		usNoteID	= 4141
		cCurrencyID	= IRR
		ulValues	= 10000
		usRelease	= 1992
		bConfigured	= 1
		usNoteID	= 4142
		cCurrencyID	= IRR
		ulValues	= 20000
		usRelease	= 2005
		bConfigured	= 1
		usNoteID	= 4172
		cCurrencyID	= IRR
		ulValues	= 5000
		usRelease	= 2009
		bConfigured	= 1
		usNoteID	= 4174
		cCurrencyID	= IRR
		ulValues	= 20000
		usRelease	= 2009
		bConfigured	= 1
		usNoteID	= 4175
		cCurrencyID	= IRR
		ulValues	= 50000
		usRelease	= 2007
		bConfigured	= 1
		usNoteID	= 4176
		cCurrencyID	= IRR
		ulValues	= 100000
		usRelease	= 2010
		bConfigured	= 1
		usNoteID	= 4178
		cCurrencyID	= IRR
		ulValues	= 500000
		usRelease	= 2008
		bConfigured	= 1
		usNoteID	= 4179
		cCurrencyID	= IRR
		ulValues	= 1000000
		usRelease	= 2010
		bConfigured	= 1

05:49:15 -> 05:49:15>>CMND101700
05:49:15 -> 05:49:15>>WFS_INF_CIM_CURRENCY_EXP:
WFS_INF_CIM_CURRENCY_EXP return :0
	cCurrencyID	= TRY
	sExponent	= 0

05:49:34 -> 05:49:34>>CMND100400
05:49:34 -> 05:49:34>>WFS_CMD_CIM_OPEN_SHUTTER:
return  0

05:49:50 -> 05:49:50>>CMND100500
05:49:50 -> 05:49:50>> WFS_CMD_CIM_CLOSE_SHUTTER:
return 0

05:49:52 -> 05:49:52>>CMND100701
05:49:52 -> 05:49:52>>WFS_CMD_CIM_CASH_IN_START:
return -1325
		CIM Error WFS_ERR_CIM_CASHINACTIVE

05:49:59 -> 05:49:59>>CMND100400
05:49:59 -> 05:49:59>>WFS_CMD_CIM_OPEN_SHUTTER:
return  0

05:50:06 -> 05:50:06>>CMND100500
05:50:06 -> 05:50:06>> WFS_CMD_CIM_CLOSE_SHUTTER:
return 0

05:50:34 -> 05:50:34>>CMND100800
05:50:34 -> 05:50:34>>WFS_CMD_CIM_CASH_IN:
return 0

05:51:29 -> 05:51:29>>CMND101000
05:51:29 -> 05:51:29>>WFS_CMD_CIM_RETRACT:
return 0

05:51:29 -> 05:51:29>>CMND101001
05:51:29 -> 05:51:29>>WFS_CMD_CIM_CASH_IN_ROLLBACK:
return -1326
		CIM Error WFS_ERR_CIM_NOCASHINACTIVE

05:53:31 -> 05:53:31>>CMND100400
05:53:31 -> 05:53:31>>WFS_CMD_CIM_OPEN_SHUTTER:
return  0

05:53:58 -> 05:53:58>>CMND100500
05:53:58 -> 05:53:58>> WFS_CMD_CIM_CLOSE_SHUTTER:
return 0

05:54:05 -> 05:54:05>>CMND101100
05:54:05 -> 05:54:05>>WFS_INF_CIM_CASH_IN_STATUS:
return :0
	wStatus = 3
	usNumOfRefused = 0
	lpNoteNumberList:
		usNumOfNoteNumbers = 1:
		lppNoteNumber:
			usNoteID = 5188
			ulCount = 1
	lpszExtra:


05:59:53 -> 05:59:53>>CMND101500
05:59:53 -> 05:59:53>>WFS_INF_CIM_BANKNOTE_TYPES :
 return :0
	usNumOfNoteTypes = 27
		usNoteID	= 5153
		cCurrencyID	= TRY
		ulValues	= 1
		usRelease	= 2005
		bConfigured	= 0
		usNoteID	= 5155
		cCurrencyID	= TRY
		ulValues	= 5
		usRelease	= 2005
		bConfigured	= 0
		usNoteID	= 5156
		cCurrencyID	= TRY
		ulValues	= 10
		usRelease	= 2005
		bConfigured	= 1
		usNoteID	= 5157
		cCurrencyID	= TRY
		ulValues	= 20
		usRelease	= 2005
		bConfigured	= 1
		usNoteID	= 5158
		cCurrencyID	= TRY
		ulValues	= 50
		usRelease	= 2005
		bConfigured	= 1
		usNoteID	= 5159
		cCurrencyID	= TRY
		ulValues	= 100
		usRelease	= 2005
		bConfigured	= 1
		usNoteID	= 5187
		cCurrencyID	= TRY
		ulValues	= 5
		usRelease	= 2009
		bConfigured	= 0
		usNoteID	= 5188
		cCurrencyID	= TRY
		ulValues	= 10
		usRelease	= 2009
		bConfigured	= 1
		usNoteID	= 5189
		cCurrencyID	= TRY
		ulValues	= 20
		usRelease	= 2009
		bConfigured	= 1
		usNoteID	= 5190
		cCurrencyID	= TRY
		ulValues	= 50
		usRelease	= 2009
		bConfigured	= 1
		usNoteID	= 5191
		cCurrencyID	= TRY
		ulValues	= 100
		usRelease	= 2009
		bConfigured	= 1
		usNoteID	= 5192
		cCurrencyID	= TRY
		ulValues	= 200
		usRelease	= 2009
		bConfigured	= 0
		usNoteID	= 4204
		cCurrencyID	= IRR
		ulValues	= 5000
		usRelease	= 2013
		bConfigured	= 1
		usNoteID	= 4206
		cCurrencyID	= IRR
		ulValues	= 20000
		usRelease	= 2015
		bConfigured	= 1
		usNoteID	= 4207
		cCurrencyID	= IRR
		ulValues	= 50000
		usRelease	= 2015
		bConfigured	= 1
		usNoteID	= 4210
		cCurrencyID	= IRR
		ulValues	= 500000
		usRelease	= 2015
		bConfigured	= 1
		usNoteID	= 4142
		cCurrencyID	= IRR
		ulValues	= 1000
		usRelease	= 1992
		bConfigured	= 1
		usNoteID	= 4139
		cCurrencyID	= IRR
		ulValues	= 2000
		usRelease	= 2000
		bConfigured	= 1
		usNoteID	= 4140
		cCurrencyID	= IRR
		ulValues	= 5000
		usRelease	= 1993
		bConfigured	= 1
		usNoteID	= 4141
		cCurrencyID	= IRR
		ulValues	= 10000
		usRelease	= 1992
		bConfigured	= 1
		usNoteID	= 4142
		cCurrencyID	= IRR
		ulValues	= 20000
		usRelease	= 2005
		bConfigured	= 1
		usNoteID	= 4172
		cCurrencyID	= IRR
		ulValues	= 5000
		usRelease	= 2009
		bConfigured	= 1
		usNoteID	= 4174
		cCurrencyID	= IRR
		ulValues	= 20000
		usRelease	= 2009
		bConfigured	= 1
		usNoteID	= 4175
		cCurrencyID	= IRR
		ulValues	= 50000
		usRelease	= 2007
		bConfigured	= 1
		usNoteID	= 4176
		cCurrencyID	= IRR
		ulValues	= 100000
		usRelease	= 2010
		bConfigured	= 1
		usNoteID	= 4178
		cCurrencyID	= IRR
		ulValues	= 500000
		usRelease	= 2008
		bConfigured	= 1
		usNoteID	= 4179
		cCurrencyID	= IRR
		ulValues	= 1000000
		usRelease	= 2010
		bConfigured	= 1

06:02:41 -> 06:02:41>>CMND101100
06:02:41 -> 06:02:41>>WFS_INF_CIM_CASH_IN_STATUS:
return :0
	wStatus = 3
	usNumOfRefused = 0
	lpNoteNumberList:
		usNumOfNoteNumbers = 1:
		lppNoteNumber:
			usNoteID = 5188
			ulCount = 1
	lpszExtra:


06:06:55 -> 06:06:55>>CMND101001
06:06:55 -> 06:06:55>>WFS_CMD_CIM_RETRACT:
return -1316
		CIM Error WFS_ERR_CIM_NOITEMS

06:06:55 -> 06:06:55>>CMND101001
06:06:55 -> 06:06:55>>WFS_CMD_CIM_CASH_IN_ROLLBACK:
return -1326
		CIM Error WFS_ERR_CIM_NOCASHINACTIVE

06:06:57 -> 06:06:57>>CMND100400
06:06:57 -> 06:06:57>>WFS_CMD_CIM_OPEN_SHUTTER:
return  0

06:07:07 -> 06:07:07>>CMND100500
06:07:07 -> 06:07:07>> WFS_CMD_CIM_CLOSE_SHUTTER:
return 0

06:07:22 -> 06:07:22>>CMND100901
06:07:22 -> 06:07:22>>WFS_CMD_CIM_CASH_IN_END:
return -1326
		CIM Error WFS_ERR_CIM_NOCASHINACTIVE

06:12:30 -> 06:12:30>>WFSVersion: 
	wVersion: 0x0003
	wLowVersion: 0x0101
	wHighVersion: 0x9903
	szDescription: WOSA/XFS API v3.00/v2.00
	szSystemStatus: 
SrvcVersion: 
	wVersion: 0x0003
	wLowVersion: 0x0003
	wHighVersion: 0x0003
	szDescription: 
	szSystemStatus: 
SPIVersion: 
	wVersion: 0x0003
	wVersion: 0x0003
	wVersion: 0x0003
	wVersion: KT_SPI V2.00
	wVersion: 

