10:04:58 -> 10:04:58>>Logger created.
10:04:58 -> Properties successfully retrieved from the registry.
10:04:58 -> Local queue Name:  .\private$\KTRRQ for reading already exists. No need to create.
10:04:58 -> Local queue  Name:  .\private$\KTRWQ for writing already exists. No need to create.
10:04:58 -> Local queue  Name: .\private$\KTRLQ for logging already exists. No need to create.
10:04:58 -> KTR10 Open First Check Attempt.
10:05:11 -> 10:05:11>>Service stopped.
10:17:36 -> 10:17:36>>Logger created.
10:17:36 -> Properties successfully retrieved from the registry.
10:17:36 -> Local queue Name:  .\private$\KTRRQ for reading already exists. No need to create.
10:17:36 -> Local queue  Name:  .\private$\KTRWQ for writing already exists. No need to create.
10:17:36 -> Local queue  Name: .\private$\KTRLQ for logging already exists. No need to create.
10:17:36 -> KTR10 Open First Check Attempt.
10:17:41 -> 10:17:41>>CMND100501
10:17:41 -> 10:17:41>>WFS_CMD_CIM_OPEN_SHUTTER:

WFS_CMD_CIM_CLOSE_SHUTTER return  -39
		General Error WFS_ERR_NOT_STARTED

10:17:47 -> 10:17:47>>CMND100401
10:17:47 -> 10:17:47>>WFS_CMD_CIM_OPEN_SHUTTER:

WFS_CMD_CDM_OPEN_SHUTTER return  -39
		General Error WFS_ERR_NOT_STARTED

10:17:49 -> 10:17:49>>WFSVersion: 
	wVersion: 0x0003
	wLowVersion: 0x0101
	wHighVersion: 0x9903
	szDescription: WOSA/XFS API v3.00/v2.00
	szSystemStatus: 
SrvcVersion: 
	wVersion: 0x0003
	wLowVersion: 0x0003
	wHighVersion: 0x0003
	szDescription: 
	szSystemStatus: 
SPIVersion: 
	wVersion: 0x0003
	wVersion: 0x0003
	wVersion: 0x0003
	wVersion: KT_SPI V2.00
	wVersion: 

10:22:25 -> 10:22:25>>Service stopped.
10:22:28 -> 10:22:28>>Logger created.
10:22:28 -> Properties successfully retrieved from the registry.
10:22:28 -> Local queue Name:  .\private$\KTRRQ for reading already exists. No need to create.
10:22:28 -> Local queue  Name:  .\private$\KTRWQ for writing already exists. No need to create.
10:22:28 -> Local queue  Name: .\private$\KTRLQ for logging already exists. No need to create.
10:22:28 -> KTR10 Open First Check Attempt.
10:23:12 -> 10:23:12>>CMND100501
10:23:13 -> 10:23:13>>WFS_CMD_CIM_OPEN_SHUTTER:

WFS_CMD_CIM_CLOSE_SHUTTER return  -22
		General Error WFS_ERR_INVALID_HSERVICE

10:23:34 -> 10:23:34>>Failed return -1

10:23:35 -> 10:23:35>>WFS_INF_CIM_STATUS:

10:23:35 -> 10:23:35>>CMND100300
10:23:35 -> 10:23:35>>WFS_INF_CIM_STATUS:
	fwDevice:0000
	fwSafeDoor:0000
	fwDispenser:0000
	fwIntermediateStacker:0000
	bDropBox: 
	szExtra: 
	
10:23:38 -> 10:23:38>>Failed return -1

10:24:41 -> 10:24:41>>Failed return -1

10:24:43 -> 10:24:43>>WFS_INF_CIM_STATUS:

10:24:43 -> 10:24:43>>CMND100300
10:24:43 -> 10:24:43>>WFS_INF_CIM_STATUS:
	fwDevice:0000
	fwSafeDoor:0000
	fwDispenser:0000
	fwIntermediateStacker:0000
	bDropBox: 
	szExtra: 
	
10:24:46 -> 10:24:46>>Service stopped.
10:25:54 -> 10:25:54>>Logger created.
10:25:54 -> Properties successfully retrieved from the registry.
10:25:54 -> Local queue Name:  .\private$\KTRRQ for reading already exists. No need to create.
10:25:54 -> Local queue  Name:  .\private$\KTRWQ for writing already exists. No need to create.
10:25:54 -> Local queue  Name: .\private$\KTRLQ for logging already exists. No need to create.
10:25:54 -> KTR10 Open First Check Attempt.
10:26:19 -> 10:26:19>>WFSVersion: 
	wVersion: 0x0003
	wLowVersion: 0x0101
	wHighVersion: 0x9903
	szDescription: WOSA/XFS API v3.00/v2.00
	szSystemStatus: 
SrvcVersion: 
	wVersion: 0x0003
	wLowVersion: 0x0003
	wHighVersion: 0x0003
	szDescription: 
	szSystemStatus: 
SPIVersion: 
	wVersion: 0x0003
	wVersion: 0x0003
	wVersion: 0x0003
	wVersion: KT_SPI V2.00
	wVersion: 

10:26:21 -> 10:26:21>>WFS_INF_CIM_STATUS:

10:26:21 -> 10:26:21>>CMND100300
10:26:21 -> 10:26:21>>WFS_INF_CIM_STATUS:
	fwDevice:0000
	fwSafeDoor:0004
	fwDispenser:0000
	fwIntermediateStacker:0000
	bDropBox: 

	fwPosition=32
	fwShutter=0
	fwTransportStatus= 0
	fwTransport=0

	fwPosition=4096
	fwShutter=0
	fwTransportStatus= 0
	fwTransport=0
	szExtra: 
	Location=CIM
	Level=Success
	ErrorCode=00000000
	Desc=Success
	SPVersion=2.0.5.0
	DriverVersion=1.0.5.0
	FirmwareVersion=R10_FW_V1.04R107
	BvVersion=BV04F019D01BA020
	LastErrorCode=00000000
	SensorCode=c3 ff ee af cf ff ff ff ef ff ff de fd fe d2 fe 53 fe d2 fe d3 fe d3 ff ff 
10:27:44 -> 10:27:44>>Service stopped.
10:29:42 -> 10:29:42>>Logger created.
10:29:42 -> Properties successfully retrieved from the registry.
10:29:42 -> Local queue Name:  .\private$\KTRRQ for reading already exists. No need to create.
10:29:42 -> Local queue  Name:  .\private$\KTRWQ for writing already exists. No need to create.
10:29:42 -> Local queue  Name: .\private$\KTRLQ for logging already exists. No need to create.
10:29:42 -> KTR10 Open First Check Attempt.
10:29:46 -> 10:29:46>>WFSVersion: 
	wVersion: 0x0003
	wLowVersion: 0x0101
	wHighVersion: 0x9903
	szDescription: WOSA/XFS API v3.00/v2.00
	szSystemStatus: 
SrvcVersion: 
	wVersion: 0x0003
	wLowVersion: 0x0003
	wHighVersion: 0x0003
	szDescription: 
	szSystemStatus: 
SPIVersion: 
	wVersion: 0x0003
	wVersion: 0x0003
	wVersion: 0x0003
	wVersion: KT_SPI V2.00
	wVersion: 

10:30:10 -> 10:30:10>>CMND100400
10:30:10 -> 10:30:10>>WFS_CMD_CIM_OPEN_SHUTTER:

WFS_CMD_CDM_OPEN_SHUTTER return  0

10:31:33 -> 10:31:33>>CMND100500
10:31:33 -> 10:31:33>>WFS_CMD_CIM_OPEN_SHUTTER:

WFS_CMD_CIM_CLOSE_SHUTTER return  0

10:31:44 -> 10:31:44>>CMND100901
10:31:44 -> 10:31:44>>WFS_CMD_CIM_CASH_IN_END:
WFS_CMD_CIM_CASH_IN_END return -1316
		CIM Error WFS_ERR_CIM_NOITEMS

10:32:04 -> 10:32:04>>WFS_INF_CIM_STATUS:

10:32:04 -> 10:32:04>>CMND100300
10:32:04 -> 10:32:04>>WFS_INF_CIM_STATUS:
	fwDevice:0000
	fwSafeDoor:0004
	fwDispenser:0000
	fwIntermediateStacker:0000
	bDropBox: 

	fwPosition=32
	fwShutter=0
	fwTransportStatus= 0
	fwTransport=0

	fwPosition=4096
	fwShutter=0
	fwTransportStatus= 0
	fwTransport=0
	szExtra: 
	Location=CIM
	Level=Warning
	ErrorCode=000003ec
	Desc=Í¨ÐÅÊ§°Ü
	SPVersion=2.0.5.0
	DriverVersion=1.0.5.0
	FirmwareVersion=R10_FW_V1.04R107
	BvVersion=BV04F019D01BA020
	LastErrorCode=000003ec
	SensorCode=ff ff ee af cf ff ff ff ef ff ff de fd fe d2 fe 53 fe d2 fe 52 fe d3 ff ff 
10:32:15 -> 10:32:15>>CMND100700
10:32:15 -> 10:32:15>>WFS_CMD_CIM_CASH_IN_START:
WFS_CMD_CIM_CASH_IN_START return 0

10:32:29 -> 10:32:29>>CMND100400
10:32:29 -> 10:32:29>>WFS_CMD_CIM_OPEN_SHUTTER:

WFS_CMD_CDM_OPEN_SHUTTER return  0

10:34:04 -> 10:34:04>>CMND100901
10:34:04 -> 10:34:04>>WFS_CMD_CIM_CASH_IN_END:
WFS_CMD_CIM_CASH_IN_END return -1328
		CIM Error WFS_ERR_CIM_POSITION_NOT_EMPTY

10:34:15 -> 10:34:15>>CMND100400
10:34:15 -> 10:34:15>>WFS_CMD_CIM_OPEN_SHUTTER:

WFS_CMD_CDM_OPEN_SHUTTER return  0

10:34:40 -> 10:34:40>>CMND100500
10:34:40 -> 10:34:40>>WFS_CMD_CIM_OPEN_SHUTTER:

WFS_CMD_CIM_CLOSE_SHUTTER return  0

10:37:18 -> 10:37:18>>Logger created.
10:37:18 -> Properties successfully retrieved from the registry.
10:37:18 -> Local queue Name:  .\private$\KTRRQ for reading already exists. No need to create.
10:37:18 -> Local queue  Name:  .\private$\KTRWQ for writing already exists. No need to create.
10:37:18 -> Local queue  Name: .\private$\KTRLQ for logging already exists. No need to create.
10:37:18 -> KTR10 Open First Check Attempt.
10:38:00 -> 10:38:00>>Service stopped.
10:38:04 -> 10:38:04>>Logger created.
10:38:04 -> Properties successfully retrieved from the registry.
10:38:04 -> Local queue Name:  .\private$\KTRRQ for reading already exists. No need to create.
10:38:04 -> Local queue  Name:  .\private$\KTRWQ for writing already exists. No need to create.
10:38:04 -> Local queue  Name: .\private$\KTRLQ for logging already exists. No need to create.
10:38:04 -> KTR10 Open First Check Attempt.
10:38:16 -> 10:38:16>>Service stopped.
10:38:30 -> 10:38:30>>Logger created.
10:38:30 -> Properties successfully retrieved from the registry.
10:38:30 -> Local queue Name:  .\private$\KTRRQ for reading already exists. No need to create.
10:38:30 -> Local queue  Name:  .\private$\KTRWQ for writing already exists. No need to create.
10:38:30 -> Local queue  Name: .\private$\KTRLQ for logging already exists. No need to create.
10:38:30 -> KTR10 Open First Check Attempt.
10:38:54 -> 10:38:54>>WFSVersion: 
	wVersion: 0x0003
	wLowVersion: 0x0101
	wHighVersion: 0x9903
	szDescription: WOSA/XFS API v3.00/v2.00
	szSystemStatus: 
SrvcVersion: 
	wVersion: 0x0003
	wLowVersion: 0x0003
	wHighVersion: 0x0003
	szDescription: 
	szSystemStatus: 
SPIVersion: 
	wVersion: 0x0003
	wVersion: 0x0003
	wVersion: 0x0003
	wVersion: KT_SPI V2.00
	wVersion: 

10:38:57 -> 10:38:57>>CMND100400
10:38:57 -> 10:38:57>>WFS_CMD_CIM_OPEN_SHUTTER:

WFS_CMD_CDM_OPEN_SHUTTER return  0

10:39:40 -> 10:39:40>>CMND100500
10:39:40 -> 10:39:40>>WFS_CMD_CIM_OPEN_SHUTTER:

WFS_CMD_CIM_CLOSE_SHUTTER return  0

10:39:53 -> 10:39:53>>CMND100800
10:39:53 -> 10:39:53>>WFS_CMD_CIM_CASH_IN:
WFS_CMD_CIM_CASH_IN return 0

10:40:32 -> 10:40:32>>CMND101000
10:40:32 -> 10:40:32>>WFS_CMD_CIM_CASH_IN_ROLLBACK:
WFS_CMD_CIM_CASH_IN_ROLLBACK return 0

10:40:34 -> 10:40:34>>CMND100400
10:40:34 -> 10:40:34>>WFS_CMD_CIM_OPEN_SHUTTER:

WFS_CMD_CDM_OPEN_SHUTTER return  0

10:40:49 -> 10:40:49>>CMND100500
10:40:49 -> 10:40:49>>WFS_CMD_CIM_OPEN_SHUTTER:

WFS_CMD_CIM_CLOSE_SHUTTER return  0

10:40:56 -> 10:40:56>>CMND100901
10:40:56 -> 10:40:56>>WFS_CMD_CIM_CASH_IN_END:
WFS_CMD_CIM_CASH_IN_END return -1326
		CIM Error WFS_ERR_CIM_NOCASHINACTIVE

10:41:08 -> 10:41:08>>Service stopped.
10:46:59 -> 10:46:59>>Logger created.
10:46:59 -> Properties successfully retrieved from the registry.
10:46:59 -> Local queue Name:  .\private$\KTRRQ for reading already exists. No need to create.
10:46:59 -> Local queue  Name:  .\private$\KTRWQ for writing already exists. No need to create.
10:46:59 -> Local queue  Name: .\private$\KTRLQ for logging already exists. No need to create.
10:46:59 -> KTR10 Open First Check Attempt.
10:59:04 -> 10:59:04>>Logger created.
10:59:04 -> Properties successfully retrieved from the registry.
10:59:04 -> Local queue Name:  .\private$\KTRRQ for reading already exists. No need to create.
10:59:04 -> Local queue  Name:  .\private$\KTRWQ for writing already exists. No need to create.
10:59:04 -> Local queue  Name: .\private$\KTRLQ for logging already exists. No need to create.
10:59:04 -> KTR10 Open First Check Attempt.
10:59:18 -> 10:59:18>>WFSVersion: 
	wVersion: 0x0003
	wLowVersion: 0x0101
	wHighVersion: 0x9903
	szDescription: WOSA/XFS API v3.00/v2.00
	szSystemStatus: 
SrvcVersion: 
	wVersion: 0x0003
	wLowVersion: 0x0003
	wHighVersion: 0x0003
	szDescription: 
	szSystemStatus: 
SPIVersion: 
	wVersion: 0x0003
	wVersion: 0x0003
	wVersion: 0x0003
	wVersion: KT_SPI V2.00
	wVersion: 

10:59:35 -> 10:59:35>>Service stopped.
11:00:03 -> 11:00:03>>Logger created.
11:00:03 -> Properties successfully retrieved from the registry.
11:00:03 -> Local queue Name:  .\private$\KTRRQ for reading already exists. No need to create.
11:00:03 -> Local queue  Name:  .\private$\KTRWQ for writing already exists. No need to create.
11:00:03 -> Local queue  Name: .\private$\KTRLQ for logging already exists. No need to create.
11:00:03 -> KTR10 Open First Check Attempt.
11:01:41 -> 11:01:41>>WFSVersion: 
	wVersion: 0x0003
	wLowVersion: 0x0101
	wHighVersion: 0x9903
	szDescription: WOSA/XFS API v3.00/v2.00
	szSystemStatus: 
SrvcVersion: 
	wVersion: 0x0003
	wLowVersion: 0x0003
	wHighVersion: 0x0003
	szDescription: 
	szSystemStatus: 
SPIVersion: 
	wVersion: 0x0003
	wVersion: 0x0003
	wVersion: 0x0003
	wVersion: KT_SPI V2.00
	wVersion: 

11:01:55 -> 11:01:55>>CMND100700
11:01:55 -> 11:01:55>>WFS_CMD_CIM_CASH_IN_START:
WFS_CMD_CIM_CASH_IN_START return 0

11:02:00 -> 11:02:00>>CMND100400
11:02:00 -> 11:02:00>>WFS_CMD_CIM_OPEN_SHUTTER:

WFS_CMD_CDM_OPEN_SHUTTER return  0

11:05:36 -> 11:05:36>>CMND100500
11:05:36 -> 11:05:36>>WFS_CMD_CIM_OPEN_SHUTTER:

WFS_CMD_CIM_CLOSE_SHUTTER return  0

11:06:14 -> 11:06:14>>CMND100400
11:06:14 -> 11:06:14>>WFS_CMD_CIM_OPEN_SHUTTER:

WFS_CMD_CDM_OPEN_SHUTTER return  0

11:06:41 -> 11:06:41>>CMND100500
11:06:41 -> 11:06:41>>WFS_CMD_CIM_OPEN_SHUTTER:

WFS_CMD_CIM_CLOSE_SHUTTER return  0

11:07:56 -> 11:07:56>>CMND100800
11:07:56 -> 11:07:56>>WFS_CMD_CIM_CASH_IN:
WFS_CMD_CIM_CASH_IN return 0

11:08:22 -> 11:08:22>>CMND101000
11:08:22 -> 11:08:22>>WFS_CMD_CIM_CASH_IN_ROLLBACK:
WFS_CMD_CIM_CASH_IN_ROLLBACK return 0

11:08:33 -> 11:08:33>>CMND100400
11:08:33 -> 11:08:33>>WFS_CMD_CIM_OPEN_SHUTTER:

WFS_CMD_CDM_OPEN_SHUTTER return  0

11:10:29 -> 11:10:29>>CMND100901
11:10:29 -> 11:10:29>>WFS_CMD_CIM_CASH_IN_END:
WFS_CMD_CIM_CASH_IN_END return -1326
		CIM Error WFS_ERR_CIM_NOCASHINACTIVE

11:10:47 -> 11:10:47>>Service stopped.
11:10:51 -> 11:10:51>>Logger created.
11:10:51 -> Properties successfully retrieved from the registry.
11:10:51 -> Local queue Name:  .\private$\KTRRQ for reading already exists. No need to create.
11:10:51 -> Local queue  Name:  .\private$\KTRWQ for writing already exists. No need to create.
11:10:51 -> Local queue  Name: .\private$\KTRLQ for logging already exists. No need to create.
11:10:51 -> KTR10 Open First Check Attempt.
11:10:54 -> 11:10:54>>CMND100501
11:10:54 -> 11:10:54>>WFS_CMD_CIM_OPEN_SHUTTER:

WFS_CMD_CIM_CLOSE_SHUTTER return  -22
		General Error WFS_ERR_INVALID_HSERVICE

11:11:06 -> 11:11:06>>Service stopped.
11:12:41 -> 11:12:41>>Logger created.
11:12:41 -> Properties successfully retrieved from the registry.
11:12:41 -> Local queue Name:  .\private$\KTRRQ for reading already exists. No need to create.
11:12:41 -> Local queue  Name:  .\private$\KTRWQ for writing already exists. No need to create.
11:12:41 -> Local queue  Name: .\private$\KTRLQ for logging already exists. No need to create.
11:12:41 -> KTR10 Open First Check Attempt.
11:13:04 -> 11:13:04>>WFSVersion: 
	wVersion: 0x0003
	wLowVersion: 0x0101
	wHighVersion: 0x9903
	szDescription: WOSA/XFS API v3.00/v2.00
	szSystemStatus: 
SrvcVersion: 
	wVersion: 0x0003
	wLowVersion: 0x0003
	wHighVersion: 0x0003
	szDescription: 
	szSystemStatus: 
SPIVersion: 
	wVersion: 0x0003
	wVersion: 0x0003
	wVersion: 0x0003
	wVersion: KT_SPI V2.00
	wVersion: 

11:13:18 -> 11:13:18>>CMND100400
11:13:18 -> 11:13:18>>WFS_CMD_CIM_OPEN_SHUTTER:

WFS_CMD_CDM_OPEN_SHUTTER return  0

11:13:56 -> 11:13:56>>CMND100700
11:13:56 -> 11:13:56>>WFS_CMD_CIM_CASH_IN_START:
WFS_CMD_CIM_CASH_IN_START return 0

11:14:43 -> 11:14:43>>CMND100400
11:14:43 -> 11:14:43>>WFS_CMD_CIM_OPEN_SHUTTER:

WFS_CMD_CDM_OPEN_SHUTTER return  0

11:15:02 -> 11:15:02>>CMND100500
11:15:02 -> 11:15:02>>WFS_CMD_CIM_OPEN_SHUTTER:

WFS_CMD_CIM_CLOSE_SHUTTER return  0

11:15:26 -> 11:15:26>>CMND100400
11:15:26 -> 11:15:26>>WFS_CMD_CIM_OPEN_SHUTTER:

WFS_CMD_CDM_OPEN_SHUTTER return  0

11:16:03 -> 11:16:03>>CMND100500
11:16:03 -> 11:16:03>>WFS_CMD_CIM_OPEN_SHUTTER:

WFS_CMD_CIM_CLOSE_SHUTTER return  0

11:16:23 -> 11:16:23>>CMND100400
11:16:23 -> 11:16:23>>WFS_CMD_CIM_OPEN_SHUTTER:

WFS_CMD_CDM_OPEN_SHUTTER return  0

11:16:38 -> 11:16:38>>CMND100500
11:16:38 -> 11:16:38>>WFS_CMD_CIM_OPEN_SHUTTER:

WFS_CMD_CIM_CLOSE_SHUTTER return  0

11:17:05 -> 11:17:05>>CMND100400
11:17:05 -> 11:17:05>>WFS_CMD_CIM_OPEN_SHUTTER:

WFS_CMD_CDM_OPEN_SHUTTER return  0

11:37:03 -> 11:37:03>>Logger created.
11:37:03 -> Properties successfully retrieved from the registry.
11:37:03 -> Local queue Name:  .\private$\KTRRQ for reading already exists. No need to create.
11:37:03 -> Local queue  Name:  .\private$\KTRWQ for writing already exists. No need to create.
11:37:03 -> Local queue  Name: .\private$\KTRLQ for logging already exists. No need to create.
11:37:03 -> KTR10 Open First Check Attempt.
11:37:31 -> 11:37:31>>WFSVersion: 
	wVersion: 0x0003
	wLowVersion: 0x0101
	wHighVersion: 0x9903
	szDescription: WOSA/XFS API v3.00/v2.00
	szSystemStatus: 
SrvcVersion: 
	wVersion: 0x0003
	wLowVersion: 0x0003
	wHighVersion: 0x0003
	szDescription: 
	szSystemStatus: 
SPIVersion: 
	wVersion: 0x0003
	wVersion: 0x0003
	wVersion: 0x0003
	wVersion: KT_SPI V2.00
	wVersion: 

11:38:18 -> 11:38:18>>CMND100400
11:38:18 -> 11:38:18>>WFS_CMD_CIM_OPEN_SHUTTER:

WFS_CMD_CDM_OPEN_SHUTTER return  0

11:38:46 -> 11:38:46>>CMND100500
11:38:46 -> 11:38:46>>WFS_CMD_CIM_OPEN_SHUTTER:

WFS_CMD_CIM_CLOSE_SHUTTER return  0

11:38:47 -> 11:38:47>>CMND100701
11:38:47 -> 11:38:47>>WFS_CMD_CIM_CASH_IN_START:
WFS_CMD_CIM_CASH_IN_START return -1325
		CIM Error WFS_ERR_CIM_CASHINACTIVE

11:39:40 -> 11:39:40>>CMND100400
11:39:40 -> 11:39:40>>WFS_CMD_CIM_OPEN_SHUTTER:

WFS_CMD_CDM_OPEN_SHUTTER return  0

11:40:04 -> 11:40:04>>CMND100500
11:40:04 -> 11:40:04>>WFS_CMD_CIM_OPEN_SHUTTER:

WFS_CMD_CIM_CLOSE_SHUTTER return  0

11:40:24 -> 11:40:24>>Service stopped.
11:41:10 -> 11:41:10>>Logger created.
11:41:10 -> Properties successfully retrieved from the registry.
11:41:10 -> Local queue Name:  .\private$\KTRRQ for reading already exists. No need to create.
11:41:10 -> Local queue  Name:  .\private$\KTRWQ for writing already exists. No need to create.
11:41:10 -> Local queue  Name: .\private$\KTRLQ for logging already exists. No need to create.
11:41:10 -> KTR10 Open First Check Attempt.
11:43:45 -> 11:43:45>>Logger created.
11:43:45 -> Properties successfully retrieved from the registry.
11:43:45 -> Local queue Name:  .\private$\KTRRQ for reading already exists. No need to create.
11:43:45 -> Local queue  Name:  .\private$\KTRWQ for writing already exists. No need to create.
11:43:45 -> Local queue  Name: .\private$\KTRLQ for logging already exists. No need to create.
11:43:45 -> KTR10 Open First Check Attempt.
11:43:48 -> 11:43:48>>WFSVersion: 
	wVersion: 0x0003
	wLowVersion: 0x0101
	wHighVersion: 0x9903
	szDescription: WOSA/XFS API v3.00/v2.00
	szSystemStatus: 
SrvcVersion: 
	wVersion: 0x0003
	wLowVersion: 0x0003
	wHighVersion: 0x0003
	szDescription: 
	szSystemStatus: 
SPIVersion: 
	wVersion: 0x0003
	wVersion: 0x0003
	wVersion: 0x0003
	wVersion: KT_SPI V2.00
	wVersion: 

11:43:53 -> 11:43:53>>CMND100701
11:43:53 -> 11:43:53>>WFS_CMD_CIM_CASH_IN_START:
WFS_CMD_CIM_CASH_IN_START return -1325
		CIM Error WFS_ERR_CIM_CASHINACTIVE

11:43:59 -> 11:43:59>>CMND100400
11:43:59 -> 11:43:59>>WFS_CMD_CIM_OPEN_SHUTTER:

WFS_CMD_CDM_OPEN_SHUTTER return  0

11:45:06 -> 11:45:06>>CMND100500
11:45:06 -> 11:45:06>>WFS_CMD_CIM_OPEN_SHUTTER:

WFS_CMD_CIM_CLOSE_SHUTTER return  0

11:45:16 -> 11:45:16>>CMND100400
11:45:16 -> 11:45:16>>WFS_CMD_CIM_OPEN_SHUTTER:

WFS_CMD_CDM_OPEN_SHUTTER return  0

11:45:26 -> 11:45:26>>CMND100500
11:45:26 -> 11:45:26>>WFS_CMD_CIM_OPEN_SHUTTER:

WFS_CMD_CIM_CLOSE_SHUTTER return  0

11:45:34 -> 11:45:34>>CMND100400
11:45:34 -> 11:45:34>>WFS_CMD_CIM_OPEN_SHUTTER:

WFS_CMD_CDM_OPEN_SHUTTER return  0

11:45:46 -> 11:45:46>>CMND100500
11:45:46 -> 11:45:46>>WFS_CMD_CIM_OPEN_SHUTTER:

WFS_CMD_CIM_CLOSE_SHUTTER return  0

11:46:20 -> 11:46:20>>CMND100901
11:46:20 -> 11:46:20>>WFS_CMD_CIM_CASH_IN_END:
WFS_CMD_CIM_CASH_IN_END return -1316
		CIM Error WFS_ERR_CIM_NOITEMS

11:46:32 -> 11:46:32>>CMND100400
11:46:32 -> 11:46:32>>WFS_CMD_CIM_OPEN_SHUTTER:

WFS_CMD_CDM_OPEN_SHUTTER return  0

11:46:49 -> 11:46:49>>CMND100500
11:46:49 -> 11:46:49>>WFS_CMD_CIM_OPEN_SHUTTER:

WFS_CMD_CIM_CLOSE_SHUTTER return  0

11:46:55 -> 11:46:55>>Service stopped.
11:57:38 -> 11:57:38>>Logger created.
11:57:38 -> Properties successfully retrieved from the registry.
11:57:38 -> Local queue Name:  .\private$\KTRRQ for reading already exists. No need to create.
11:57:38 -> Local queue  Name:  .\private$\KTRWQ for writing already exists. No need to create.
11:57:38 -> Local queue  Name: .\private$\KTRLQ for logging already exists. No need to create.
11:57:38 -> KTR10 Open First Check Attempt.
11:57:40 -> 11:57:40>>WFSVersion: 
	wVersion: 0x0003
	wLowVersion: 0x0101
	wHighVersion: 0x9903
	szDescription: WOSA/XFS API v3.00/v2.00
	szSystemStatus: 
SrvcVersion: 
	wVersion: 0x0003
	wLowVersion: 0x0003
	wHighVersion: 0x0003
	szDescription: 
	szSystemStatus: 
SPIVersion: 
	wVersion: 0x0003
	wVersion: 0x0003
	wVersion: 0x0003
	wVersion: KT_SPI V2.00
	wVersion: 

11:57:45 -> 11:57:45>>CMND100400
11:57:45 -> 11:57:45>>WFS_CMD_CIM_OPEN_SHUTTER:

WFS_CMD_CDM_OPEN_SHUTTER return  0

11:58:02 -> 11:58:02>>CMND100500
11:58:02 -> 11:58:02>>WFS_CMD_CIM_OPEN_SHUTTER:

WFS_CMD_CIM_CLOSE_SHUTTER return  0

11:59:13 -> 11:59:13>>Service stopped.
12:29:46 -> 12:29:46>>Logger created.
12:29:46 -> Properties successfully retrieved from the registry.
12:29:46 -> Local queue Name:  .\private$\KTRRQ for reading already exists. No need to create.
12:29:46 -> Local queue  Name:  .\private$\KTRWQ for writing already exists. No need to create.
12:29:46 -> Local queue  Name: .\private$\KTRLQ for logging already exists. No need to create.
12:29:46 -> KTR10 Open First Check Attempt.
12:29:49 -> 12:29:49>>WFSVersion: 
	wVersion: 0x0003
	wLowVersion: 0x0101
	wHighVersion: 0x9903
	szDescription: WOSA/XFS API v3.00/v2.00
	szSystemStatus: 
SrvcVersion: 
	wVersion: 0x0003
	wLowVersion: 0x0003
	wHighVersion: 0x0003
	szDescription: 
	szSystemStatus: 
SPIVersion: 
	wVersion: 0x0003
	wVersion: 0x0003
	wVersion: 0x0003
	wVersion: KT_SPI V2.00
	wVersion: 

12:29:56 -> 12:29:56>>CMND100400
12:29:56 -> 12:29:56>>WFS_CMD_CIM_OPEN_SHUTTER:

WFS_CMD_CDM_OPEN_SHUTTER return  0

12:30:12 -> 12:30:12>>CMND100500
12:30:12 -> 12:30:12>>WFS_CMD_CIM_OPEN_SHUTTER:

WFS_CMD_CIM_CLOSE_SHUTTER return  0

12:30:35 -> 12:30:35>>CMND100400
12:30:35 -> 12:30:35>>WFS_CMD_CIM_OPEN_SHUTTER:

WFS_CMD_CDM_OPEN_SHUTTER return  0

12:31:59 -> 12:31:59>>CMND100500
12:32:00 -> 12:32:00>>WFS_CMD_CIM_OPEN_SHUTTER:

WFS_CMD_CIM_CLOSE_SHUTTER return  0

12:32:41 -> 12:32:41>>CMND100400
12:32:41 -> 12:32:41>>WFS_CMD_CIM_OPEN_SHUTTER:

WFS_CMD_CDM_OPEN_SHUTTER return  0

12:32:49 -> 12:32:49>>CMND100500
12:32:49 -> 12:32:49>>WFS_CMD_CIM_OPEN_SHUTTER:

WFS_CMD_CIM_CLOSE_SHUTTER return  0

12:33:11 -> 12:33:11>>CMND100400
12:33:11 -> 12:33:11>>WFS_CMD_CIM_OPEN_SHUTTER:

WFS_CMD_CDM_OPEN_SHUTTER return  0

12:33:41 -> 12:33:41>>CMND100500
12:33:41 -> 12:33:41>>WFS_CMD_CIM_OPEN_SHUTTER:

WFS_CMD_CIM_CLOSE_SHUTTER return  0

12:36:20 -> 12:36:20>>Logger created.
12:36:20 -> Properties successfully retrieved from the registry.
12:36:20 -> Local queue Name:  .\private$\KTRRQ for reading already exists. No need to create.
12:36:20 -> Local queue  Name:  .\private$\KTRWQ for writing already exists. No need to create.
12:36:20 -> Local queue  Name: .\private$\KTRLQ for logging already exists. No need to create.
12:36:20 -> KTR10 Open First Check Attempt.
12:36:23 -> 12:36:23>>WFSVersion: 
	wVersion: 0x0003
	wLowVersion: 0x0101
	wHighVersion: 0x9903
	szDescription: WOSA/XFS API v3.00/v2.00
	szSystemStatus: 
SrvcVersion: 
	wVersion: 0x0003
	wLowVersion: 0x0003
	wHighVersion: 0x0003
	szDescription: 
	szSystemStatus: 
SPIVersion: 
	wVersion: 0x0003
	wVersion: 0x0003
	wVersion: 0x0003
	wVersion: KT_SPI V2.00
	wVersion: 

12:36:26 -> 12:36:26>>CMND100400
12:36:26 -> 12:36:26>>WFS_CMD_CIM_OPEN_SHUTTER:

WFS_CMD_CDM_OPEN_SHUTTER return  0

12:36:37 -> 12:36:37>>CMND100500
12:36:37 -> 12:36:37>>WFS_CMD_CIM_OPEN_SHUTTER:

WFS_CMD_CIM_CLOSE_SHUTTER return  0

12:39:05 -> 12:39:05>>Logger created.
12:39:05 -> Properties successfully retrieved from the registry.
12:39:05 -> Local queue Name:  .\private$\KTRRQ for reading already exists. No need to create.
12:39:05 -> Local queue  Name:  .\private$\KTRWQ for writing already exists. No need to create.
12:39:05 -> Local queue  Name: .\private$\KTRLQ for logging already exists. No need to create.
12:39:05 -> KTR10 Open First Check Attempt.
12:39:07 -> 12:39:07>>WFSVersion: 
	wVersion: 0x0003
	wLowVersion: 0x0101
	wHighVersion: 0x9903
	szDescription: WOSA/XFS API v3.00/v2.00
	szSystemStatus: 
SrvcVersion: 
	wVersion: 0x0003
	wLowVersion: 0x0003
	wHighVersion: 0x0003
	szDescription: 
	szSystemStatus: 
SPIVersion: 
	wVersion: 0x0003
	wVersion: 0x0003
	wVersion: 0x0003
	wVersion: KT_SPI V2.00
	wVersion: 

12:39:11 -> 12:39:11>>CMND100400
12:39:11 -> 12:39:11>>WFS_CMD_CIM_OPEN_SHUTTER:

WFS_CMD_CDM_OPEN_SHUTTER return  0

12:40:47 -> 12:40:47>>Logger created.
12:40:47 -> Properties successfully retrieved from the registry.
12:40:47 -> Local queue Name:  .\private$\KTRRQ for reading already exists. No need to create.
12:40:47 -> Local queue  Name:  .\private$\KTRWQ for writing already exists. No need to create.
12:40:47 -> Local queue  Name: .\private$\KTRLQ for logging already exists. No need to create.
12:40:47 -> KTR10 Open First Check Attempt.
12:41:16 -> 12:41:16>>Service stopped.
12:41:33 -> 12:41:33>>Logger created.
12:41:33 -> Properties successfully retrieved from the registry.
12:41:33 -> Local queue Name:  .\private$\KTRRQ for reading already exists. No need to create.
12:41:33 -> Local queue  Name:  .\private$\KTRWQ for writing already exists. No need to create.
12:41:33 -> Local queue  Name: .\private$\KTRLQ for logging already exists. No need to create.
12:41:33 -> KTR10 Open First Check Attempt.
12:42:13 -> 12:42:13>>WFSVersion: 
	wVersion: 0x0003
	wLowVersion: 0x0101
	wHighVersion: 0x9903
	szDescription: WOSA/XFS API v3.00/v2.00
	szSystemStatus: 
SrvcVersion: 
	wVersion: 0x0003
	wLowVersion: 0x0003
	wHighVersion: 0x0003
	szDescription: 
	szSystemStatus: 
SPIVersion: 
	wVersion: 0x0003
	wVersion: 0x0003
	wVersion: 0x0003
	wVersion: KT_SPI V2.00
	wVersion: 

12:44:57 -> 12:44:57>>Logger created.
12:44:57 -> Properties successfully retrieved from the registry.
12:44:57 -> Local queue Name:  .\private$\KTRRQ for reading already exists. No need to create.
12:44:57 -> Local queue  Name:  .\private$\KTRWQ for writing already exists. No need to create.
12:44:57 -> Local queue  Name: .\private$\KTRLQ for logging already exists. No need to create.
12:44:57 -> KTR10 Open First Check Attempt.
12:44:58 -> 12:44:58>>CMND100401
12:44:58 -> 12:44:58>>WFS_CMD_CIM_OPEN_SHUTTER:

WFS_CMD_CDM_OPEN_SHUTTER return  -39
		General Error WFS_ERR_NOT_STARTED

12:44:59 -> 12:44:59>>WFSVersion: 
	wVersion: 0x0003
	wLowVersion: 0x0101
	wHighVersion: 0x9903
	szDescription: WOSA/XFS API v3.00/v2.00
	szSystemStatus: 
SrvcVersion: 
	wVersion: 0x0003
	wLowVersion: 0x0003
	wHighVersion: 0x0003
	szDescription: 
	szSystemStatus: 
SPIVersion: 
	wVersion: 0x0003
	wVersion: 0x0003
	wVersion: 0x0003
	wVersion: KT_SPI V2.00
	wVersion: 

12:45:01 -> 12:45:01>>CMND100400
12:45:01 -> 12:45:01>>WFS_CMD_CIM_OPEN_SHUTTER:

WFS_CMD_CDM_OPEN_SHUTTER return  0

12:45:03 -> 12:45:03>>CMND100500
12:45:03 -> 12:45:03>>WFS_CMD_CIM_OPEN_SHUTTER:

WFS_CMD_CIM_CLOSE_SHUTTER return  0

12:45:05 -> 12:45:05>>CMND100400
12:45:05 -> 12:45:05>>WFS_CMD_CIM_OPEN_SHUTTER:

WFS_CMD_CDM_OPEN_SHUTTER return  0

12:46:52 -> 12:46:52>>CMND100500
12:46:52 -> 12:46:52>>WFS_CMD_CIM_OPEN_SHUTTER:

WFS_CMD_CIM_CLOSE_SHUTTER return  0

01:56:33 -> 01:56:33>>Logger created.
01:56:33 -> Properties successfully retrieved from the registry.
01:56:33 -> Local queue Name:  .\private$\KTRRQ for reading already exists. No need to create.
01:56:33 -> Local queue  Name:  .\private$\KTRWQ for writing already exists. No need to create.
01:56:33 -> Local queue  Name: .\private$\KTRLQ for logging already exists. No need to create.
01:56:33 -> KTR10 Open First Check Attempt.
01:57:07 -> 01:57:07>>Service stopped.
01:57:28 -> 01:57:28>>Logger created.
01:57:28 -> Properties successfully retrieved from the registry.
01:57:28 -> Local queue Name:  .\private$\KTRRQ for reading already exists. No need to create.
01:57:28 -> Local queue  Name:  .\private$\KTRWQ for writing already exists. No need to create.
01:57:28 -> Local queue  Name: .\private$\KTRLQ for logging already exists. No need to create.
01:57:28 -> KTR10 Open First Check Attempt.
01:57:50 -> 01:57:50>>WFSVersion: 
	wVersion: 0x0003
	wLowVersion: 0x0101
	wHighVersion: 0x9903
	szDescription: WOSA/XFS API v3.00/v2.00
	szSystemStatus: 
SrvcVersion: 
	wVersion: 0x0003
	wLowVersion: 0x0003
	wHighVersion: 0x0003
	szDescription: 
	szSystemStatus: 
SPIVersion: 
	wVersion: 0x0003
	wVersion: 0x0003
	wVersion: 0x0003
	wVersion: KT_SPI V2.00
	wVersion: 

01:57:51 -> 01:57:51>>CMND101001
01:57:51 -> 01:57:51>>WFS_CMD_CIM_CASH_IN_ROLLBACK:
WFS_CMD_CIM_CASH_IN_ROLLBACK return -1326
		CIM Error WFS_ERR_CIM_NOCASHINACTIVE

01:57:57 -> 01:57:57>>CMND100400
01:57:57 -> 01:57:57>>WFS_CMD_CIM_OPEN_SHUTTER:

WFS_CMD_CDM_OPEN_SHUTTER return  0

01:58:04 -> 01:58:04>>CMND100500
01:58:04 -> 01:58:04>>WFS_CMD_CIM_OPEN_SHUTTER:

WFS_CMD_CIM_CLOSE_SHUTTER return  0

01:58:09 -> 01:58:09>>CMND101001
01:58:09 -> 01:58:09>>WFS_CMD_CIM_CASH_IN_ROLLBACK:
WFS_CMD_CIM_CASH_IN_ROLLBACK return -1326
		CIM Error WFS_ERR_CIM_NOCASHINACTIVE

01:58:11 -> 01:58:11>>CMND100801
01:58:11 -> 01:58:11>>WFS_CMD_CIM_CASH_IN:
WFS_CMD_CIM_CASH_IN return -1326
		CIM Error WFS_ERR_CIM_NOCASHINACTIVE

01:58:16 -> 01:58:16>>CMND100901
01:58:16 -> 01:58:16>>WFS_CMD_CIM_CASH_IN_END:
WFS_CMD_CIM_CASH_IN_END return -1326
		CIM Error WFS_ERR_CIM_NOCASHINACTIVE

01:58:33 -> 01:58:33>>CMND100400
01:58:33 -> 01:58:33>>WFS_CMD_CIM_OPEN_SHUTTER:

WFS_CMD_CDM_OPEN_SHUTTER return  0

01:58:53 -> 01:58:53>>CMND100500
01:58:53 -> 01:58:53>>WFS_CMD_CIM_OPEN_SHUTTER:

WFS_CMD_CIM_CLOSE_SHUTTER return  0

02:17:18 -> 02:17:18>>Logger created.
02:17:18 -> Properties successfully retrieved from the registry.
02:17:18 -> Local queue Name:  .\private$\KTRRQ for reading already exists. No need to create.
02:17:18 -> Local queue  Name:  .\private$\KTRWQ for writing already exists. No need to create.
02:17:18 -> Local queue  Name: .\private$\KTRLQ for logging already exists. No need to create.
02:17:18 -> KTR10 Open First Check Attempt.
02:17:40 -> 02:17:40>>WFSVersion: 
	wVersion: 0x0003
	wLowVersion: 0x0101
	wHighVersion: 0x9903
	szDescription: WOSA/XFS API v3.00/v2.00
	szSystemStatus: 
SrvcVersion: 
	wVersion: 0x0003
	wLowVersion: 0x0003
	wHighVersion: 0x0003
	szDescription: 
	szSystemStatus: 
SPIVersion: 
	wVersion: 0x0003
	wVersion: 0x0003
	wVersion: 0x0003
	wVersion: KT_SPI V2.00
	wVersion: 

02:17:44 -> 02:17:44>>CMND100400
02:17:44 -> 02:17:44>>WFS_CMD_CIM_OPEN_SHUTTER:

WFS_CMD_CDM_OPEN_SHUTTER return  0

02:17:54 -> 02:17:54>>CMND100500
02:17:54 -> 02:17:54>>WFS_CMD_CIM_OPEN_SHUTTER:

WFS_CMD_CIM_CLOSE_SHUTTER return  0

02:18:18 -> 02:18:18>>CMND100400
02:18:18 -> 02:18:18>>WFS_CMD_CIM_OPEN_SHUTTER:

WFS_CMD_CDM_OPEN_SHUTTER return  0

02:18:25 -> 02:18:25>>CMND100500
02:18:25 -> 02:18:25>>WFS_CMD_CIM_OPEN_SHUTTER:

WFS_CMD_CIM_CLOSE_SHUTTER return  0

02:35:44 -> 02:35:44>>Logger created.
02:35:44 -> Properties successfully retrieved from the registry.
02:35:44 -> Local queue Name:  .\private$\KTRRQ for reading already exists. No need to create.
02:35:44 -> Local queue  Name:  .\private$\KTRWQ for writing already exists. No need to create.
02:35:44 -> Local queue  Name: .\private$\KTRLQ for logging already exists. No need to create.
02:35:44 -> KTR10 Open First Check Attempt.
02:35:46 -> 02:35:46>>WFSVersion: 
	wVersion: 0x0003
	wLowVersion: 0x0101
	wHighVersion: 0x9903
	szDescription: WOSA/XFS API v3.00/v2.00
	szSystemStatus: 
SrvcVersion: 
	wVersion: 0x0003
	wLowVersion: 0x0003
	wHighVersion: 0x0003
	szDescription: 
	szSystemStatus: 
SPIVersion: 
	wVersion: 0x0003
	wVersion: 0x0003
	wVersion: 0x0003
	wVersion: KT_SPI V2.00
	wVersion: 

02:35:50 -> 02:35:50>>CMND100401
02:35:50 -> 02:35:50>>WFS_CMD_CIM_OPEN_SHUTTER:

WFS_CMD_CDM_OPEN_SHUTTER return  -14
		General Error WFS_ERR_HARDWARE_ERROR

02:35:53 -> 02:35:53>>CMND100500
02:35:53 -> 02:35:53>>WFS_CMD_CIM_OPEN_SHUTTER:

WFS_CMD_CIM_CLOSE_SHUTTER return  0

02:36:24 -> 02:36:24>>Logger created.
02:36:24 -> Properties successfully retrieved from the registry.
02:36:24 -> Local queue Name:  .\private$\KTRRQ for reading already exists. No need to create.
02:36:24 -> Local queue  Name:  .\private$\KTRWQ for writing already exists. No need to create.
02:36:24 -> Local queue  Name: .\private$\KTRLQ for logging already exists. No need to create.
02:36:24 -> KTR10 Open First Check Attempt.
02:36:25 -> 02:36:25>>CMND100401
02:36:25 -> 02:36:25>>WFS_CMD_CIM_OPEN_SHUTTER:

WFS_CMD_CDM_OPEN_SHUTTER return  -39
		General Error WFS_ERR_NOT_STARTED

02:36:46 -> 02:36:46>>WFSVersion: 
	wVersion: 0x0003
	wLowVersion: 0x0101
	wHighVersion: 0x9903
	szDescription: WOSA/XFS API v3.00/v2.00
	szSystemStatus: 
SrvcVersion: 
	wVersion: 0x0003
	wLowVersion: 0x0003
	wHighVersion: 0x0003
	szDescription: 
	szSystemStatus: 
SPIVersion: 
	wVersion: 0x0003
	wVersion: 0x0003
	wVersion: 0x0003
	wVersion: KT_SPI V2.00
	wVersion: 

02:37:13 -> 02:37:13>>CMND100400
02:37:13 -> 02:37:13>>WFS_CMD_CIM_OPEN_SHUTTER:

WFS_CMD_CDM_OPEN_SHUTTER return  0

02:37:21 -> 02:37:21>>CMND100400
02:37:21 -> 02:37:21>>WFS_CMD_CIM_OPEN_SHUTTER:

WFS_CMD_CDM_OPEN_SHUTTER return  0

02:37:23 -> 02:37:23>>CMND100500
02:37:23 -> 02:37:23>>WFS_CMD_CIM_OPEN_SHUTTER:

WFS_CMD_CIM_CLOSE_SHUTTER return  0

02:38:16 -> 02:38:16>>CMND100400
02:38:16 -> 02:38:16>>WFS_CMD_CIM_OPEN_SHUTTER:

WFS_CMD_CDM_OPEN_SHUTTER return  0

02:59:16 -> 02:59:16>>Logger created.
02:59:16 -> Properties successfully retrieved from the registry.
02:59:16 -> Local queue Name:  .\private$\KTRRQ for reading already exists. No need to create.
02:59:16 -> Local queue  Name:  .\private$\KTRWQ for writing already exists. No need to create.
02:59:16 -> Local queue  Name: .\private$\KTRLQ for logging already exists. No need to create.
02:59:16 -> KTR10 Open First Check Attempt.
02:59:17 -> 02:59:17>>CMND100501
02:59:17 -> 02:59:17>>WFS_CMD_CIM_OPEN_SHUTTER:

WFS_CMD_CIM_CLOSE_SHUTTER return  -39
		General Error WFS_ERR_NOT_STARTED

02:59:22 -> 02:59:22>>WFSVersion: 
	wVersion: 0x0003
	wLowVersion: 0x0101
	wHighVersion: 0x9903
	szDescription: WOSA/XFS API v3.00/v2.00
	szSystemStatus: 
SrvcVersion: 
	wVersion: 0x0003
	wLowVersion: 0x0003
	wHighVersion: 0x0003
	szDescription: 
	szSystemStatus: 
SPIVersion: 
	wVersion: 0x0003
	wVersion: 0x0003
	wVersion: 0x0003
	wVersion: KT_SPI V2.00
	wVersion: 

02:59:30 -> 02:59:30>>CMND100400
02:59:30 -> 02:59:30>>WFS_CMD_CIM_OPEN_SHUTTER:

WFS_CMD_CDM_OPEN_SHUTTER return  0

03:01:12 -> 03:01:12>>>CIMEVENT_xml message Koruma düzeyi nedeniyle KTMSMQ_SENDER.InnerOperation erişilebilir değil. Yalnızca ortak türler işlenebilir.
03:01:21 -> 03:01:21>>CMND100500
03:01:21 -> 03:01:21>>WFS_CMD_CIM_OPEN_SHUTTER:

WFS_CMD_CIM_CLOSE_SHUTTER return  0

03:14:36 -> 03:14:36>>Logger created.
03:14:36 -> Properties successfully retrieved from the registry.
03:14:36 -> Local queue Name:  .\private$\KTRRQ for reading already exists. No need to create.
03:14:36 -> Local queue  Name:  .\private$\KTRWQ for writing already exists. No need to create.
03:14:36 -> Local queue  Name: .\private$\KTRLQ for logging already exists. No need to create.
03:14:36 -> KTR10 Open First Check Attempt.
03:15:17 -> 03:15:17>>WFSVersion: 
	wVersion: 0x0003
	wLowVersion: 0x0101
	wHighVersion: 0x9903
	szDescription: WOSA/XFS API v3.00/v2.00
	szSystemStatus: 
SrvcVersion: 
	wVersion: 0x0003
	wLowVersion: 0x0003
	wHighVersion: 0x0003
	szDescription: 
	szSystemStatus: 
SPIVersion: 
	wVersion: 0x0003
	wVersion: 0x0003
	wVersion: 0x0003
	wVersion: KT_SPI V2.00
	wVersion: 

03:15:51 -> 03:15:51>>CMND100700
03:15:51 -> 03:15:51>>WFS_CMD_CIM_CASH_IN_START:
WFS_CMD_CIM_CASH_IN_START return 0

03:19:13 -> 03:19:13>>CMND100400
03:19:13 -> 03:19:13>>WFS_CMD_CIM_OPEN_SHUTTER:

WFS_CMD_CDM_OPEN_SHUTTER return  0

03:19:21 -> 03:19:21>>CMND100500
03:19:21 -> 03:19:21>>WFS_CMD_CIM_OPEN_SHUTTER:

WFS_CMD_CIM_CLOSE_SHUTTER return  0

03:19:34 -> 03:19:34>>CMND100800
03:19:34 -> 03:19:34>>WFS_CMD_CIM_CASH_IN:
WFS_CMD_CIM_CASH_IN return 0

03:19:56 -> 03:19:56>>CMND101000
03:19:56 -> 03:19:56>>WFS_CMD_CIM_CASH_IN_ROLLBACK:
WFS_CMD_CIM_CASH_IN_ROLLBACK return 0

03:19:57 -> 03:19:57>>CMND100400
03:19:57 -> 03:19:57>>WFS_CMD_CIM_OPEN_SHUTTER:

WFS_CMD_CDM_OPEN_SHUTTER return  0

03:31:11 -> 03:31:11>>WFS_INF_CIM_STATUS:

03:31:11 -> 03:31:11>>CMND100300
03:31:11 -> 03:31:11>>WFS_INF_CIM_STATUS:
	fwDevice:0000
	fwSafeDoor:0004
	fwDispenser:0000
	fwIntermediateStacker:0000
	bDropBox: 

	fwPosition=32
	fwShutter=1
	fwTransportStatus= 0
	fwTransport=0

	fwPosition=4096
	fwShutter=1
	fwTransportStatus= 0
	fwTransport=0
	szExtra: 
	Location=CIM
	Level=Success
	ErrorCode=00000000
	Desc=Success
	SPVersion=2.0.5.0
	DriverVersion=1.0.5.0
	FirmwareVersion=R10_FW_V1.04R107
	BvVersion=BV04F019D01BA020
	LastErrorCode=00000000
	SensorCode=ff ff f5 af ef ff ff ff ef ff ff de fd fe f2 fe d3 fe d2 fe d2 fe d3 ff ff 
03:32:06 -> 03:32:06>>CMND100500
03:32:06 -> 03:32:06>>WFS_CMD_CIM_OPEN_SHUTTER:

WFS_CMD_CIM_CLOSE_SHUTTER return  0

03:32:09 -> 03:32:09>>CMND100901
03:32:09 -> 03:32:09>>WFS_CMD_CIM_CASH_IN_END:
WFS_CMD_CIM_CASH_IN_END return -1326
		CIM Error WFS_ERR_CIM_NOCASHINACTIVE

03:32:19 -> 03:32:19>>CMND100700
03:32:19 -> 03:32:19>>WFS_CMD_CIM_CASH_IN_START:
WFS_CMD_CIM_CASH_IN_START return 0

03:51:40 -> 03:51:40>>Logger created.
03:51:40 -> Properties successfully retrieved from the registry.
03:51:40 -> Local queue Name:  .\private$\KTRRQ for reading already exists. No need to create.
03:51:40 -> Local queue  Name:  .\private$\KTRWQ for writing already exists. No need to create.
03:51:40 -> Local queue  Name: .\private$\KTRLQ for logging already exists. No need to create.
03:51:40 -> KTR10 Open First Check Attempt.
03:51:44 -> 03:51:44>>WFSVersion: 
	wVersion: 0x0003
	wLowVersion: 0x0101
	wHighVersion: 0x9903
	szDescription: WOSA/XFS API v3.00/v2.00
	szSystemStatus: 
SrvcVersion: 
	wVersion: 0x0003
	wLowVersion: 0x0003
	wHighVersion: 0x0003
	szDescription: 
	szSystemStatus: 
SPIVersion: 
	wVersion: 0x0003
	wVersion: 0x0003
	wVersion: 0x0003
	wVersion: KT_SPI V2.00
	wVersion: 

03:51:48 -> 03:51:48>>WFS_INF_CIM_STATUS:

03:51:48 -> 03:51:48>>CMND100300
03:51:48 -> 03:51:48>>WFS_INF_CIM_STATUS:
	fwDevice:0000
	fwSafeDoor:0004
	fwDispenser:0000
	fwIntermediateStacker:0000
	bDropBox: 

	fwPosition=32
	fwShutter=0
	fwTransportStatus= 0
	fwTransport=0

	fwPosition=4096
	fwShutter=0
	fwTransportStatus= 0
	fwTransport=0
	szExtra: 
	Location=CIM
	Level=Success
	ErrorCode=00000000
	Desc=Success
	SPVersion=2.0.5.0
	DriverVersion=1.0.5.0
	FirmwareVersion=R10_FW_V1.04R107
	BvVersion=BV04F019D01BA020
	LastErrorCode=00000000
	SensorCode=ff ff f6 af ef ff ff ff ef ff ff de fd fe f2 fe d3 fe d2 fe d2 fe d3 ff ff 
03:51:49 -> 03:51:49>>CMND100400
03:51:49 -> 03:51:49>>WFS_CMD_CIM_OPEN_SHUTTER:

WFS_CMD_CDM_OPEN_SHUTTER return  0

04:01:47 -> 04:01:47>>>CIMEVENT_xml message Nesne başvurusu bir nesnenin örneğine ayarlanmadı.
04:01:47 -> 04:01:47>>CMND100500
04:01:47 -> 04:01:47>>WFS_CMD_CIM_OPEN_SHUTTER:

WFS_CMD_CIM_CLOSE_SHUTTER return  0

04:01:51 -> 04:01:51>>CMND100400
04:01:51 -> 04:01:51>>WFS_CMD_CIM_OPEN_SHUTTER:

WFS_CMD_CDM_OPEN_SHUTTER return  0

04:02:07 -> 04:02:07>>CMND100500
04:02:07 -> 04:02:07>>WFS_CMD_CIM_OPEN_SHUTTER:

WFS_CMD_CIM_CLOSE_SHUTTER return  0

04:02:38 -> 04:02:38>>CMND100400
04:02:38 -> 04:02:38>>WFS_CMD_CIM_OPEN_SHUTTER:

WFS_CMD_CDM_OPEN_SHUTTER return  0

04:02:55 -> 04:02:55>>CMND100500
04:02:55 -> 04:02:55>>WFS_CMD_CIM_OPEN_SHUTTER:

WFS_CMD_CIM_CLOSE_SHUTTER return  0

04:47:24 -> 04:47:24>>Logger created.
04:47:24 -> Properties successfully retrieved from the registry.
04:47:24 -> Local queue Name:  .\private$\KTRRQ for reading already exists. No need to create.
04:47:24 -> Local queue  Name:  .\private$\KTRWQ for writing already exists. No need to create.
04:47:24 -> Local queue  Name: .\private$\KTRLQ for logging already exists. No need to create.
04:47:24 -> KTR10 Open First Check Attempt.
04:47:37 -> 04:47:37>>WFSVersion: 
	wVersion: 0x0003
	wLowVersion: 0x0101
	wHighVersion: 0x9903
	szDescription: WOSA/XFS API v3.00/v2.00
	szSystemStatus: 
SrvcVersion: 
	wVersion: 0x0003
	wLowVersion: 0x0003
	wHighVersion: 0x0003
	szDescription: 
	szSystemStatus: 
SPIVersion: 
	wVersion: 0x0003
	wVersion: 0x0003
	wVersion: 0x0003
	wVersion: KT_SPI V2.00
	wVersion: 

04:48:02 -> 04:48:02>>CMND101100
04:48:02 -> 04:48:02>>WFS_CMD_CIM_RESET

WFS_CMD_CIM_RESET return  0

04:49:01 -> 04:49:01>>CMND100700
04:49:01 -> 04:49:01>>WFS_CMD_CIM_CASH_IN_START:
WFS_CMD_CIM_CASH_IN_START return 0

04:49:03 -> 04:49:03>>CMND100400
04:49:03 -> 04:49:03>>WFS_CMD_CIM_OPEN_SHUTTER:

WFS_CMD_CDM_OPEN_SHUTTER return  0

04:49:17 -> 04:49:17>>CMND100500
04:49:17 -> 04:49:17>>WFS_CMD_CIM_OPEN_SHUTTER:

WFS_CMD_CIM_CLOSE_SHUTTER return  0

04:50:00 -> 04:50:00>>CMND100800
04:50:00 -> 04:50:00>>WFS_CMD_CIM_CASH_IN:
WFS_CMD_CIM_CASH_IN return 0

04:50:39 -> 04:50:39>>CMND101000
04:50:39 -> 04:50:39>>WFS_CMD_CIM_CASH_IN_ROLLBACK:
WFS_CMD_CIM_CASH_IN_ROLLBACK return 0

04:50:41 -> 04:50:41>>CMND100500
04:50:41 -> 04:50:41>>WFS_CMD_CIM_OPEN_SHUTTER:

WFS_CMD_CIM_CLOSE_SHUTTER return  0

04:50:50 -> 04:50:50>>CMND100500
04:50:50 -> 04:50:50>>WFS_CMD_CIM_OPEN_SHUTTER:

WFS_CMD_CIM_CLOSE_SHUTTER return  0

04:50:56 -> 04:50:56>>CMND100400
04:50:56 -> 04:50:56>>WFS_CMD_CIM_OPEN_SHUTTER:

WFS_CMD_CDM_OPEN_SHUTTER return  0

04:51:04 -> 04:51:04>>CMND100500
04:51:04 -> 04:51:04>>WFS_CMD_CIM_OPEN_SHUTTER:

WFS_CMD_CIM_CLOSE_SHUTTER return  0

04:51:08 -> 04:51:08>>CMND100901
04:51:08 -> 04:51:08>>WFS_CMD_CIM_CASH_IN_END:
WFS_CMD_CIM_CASH_IN_END return -1326
		CIM Error WFS_ERR_CIM_NOCASHINACTIVE

04:51:29 -> 04:51:29>>CMND101100
04:51:29 -> 04:51:29>>WFS_CMD_CIM_RESET

WFS_CMD_CIM_RESET return  0

04:51:58 -> 04:51:58>>Service stopped.
05:03:41 -> 05:03:41>>Logger created.
05:03:41 -> Properties successfully retrieved from the registry.
05:03:41 -> Local queue Name:  .\private$\KTRRQ for reading already exists. No need to create.
05:03:41 -> Local queue  Name:  .\private$\KTRWQ for writing already exists. No need to create.
05:03:41 -> Local queue  Name: .\private$\KTRLQ for logging already exists. No need to create.
05:03:41 -> KTR10 Open First Check Attempt.
05:03:54 -> 05:03:54>>WFSVersion: 
	wVersion: 0x0003
	wLowVersion: 0x0101
	wHighVersion: 0x9903
	szDescription: WOSA/XFS API v3.00/v2.00
	szSystemStatus: 
SrvcVersion: 
	wVersion: 0x0003
	wLowVersion: 0x0003
	wHighVersion: 0x0003
	szDescription: 
	szSystemStatus: 
SPIVersion: 
	wVersion: 0x0003
	wVersion: 0x0003
	wVersion: 0x0003
	wVersion: KT_SPI V2.00
	wVersion: 

05:04:15 -> 05:04:15>>CMND101200
05:04:15 -> 05:04:15>>WFS_CMD_CIM_RESET

WFS_CMD_CIM_RESET return  0

05:04:35 -> 05:04:35>>CMND100400
05:04:35 -> 05:04:35>>WFS_CMD_CIM_OPEN_SHUTTER:

WFS_CMD_CDM_OPEN_SHUTTER return  0

05:04:45 -> 05:04:45>>CMND100500
05:04:45 -> 05:04:45>>WFS_CMD_CIM_OPEN_SHUTTER:

WFS_CMD_CIM_CLOSE_SHUTTER return  0

05:05:43 -> 05:05:43>>CMND101100
05:05:43 -> 05:05:43>>WFS_INF_CIM_CASH_IN_STATUS:
WFS_INF_CIM_CASH_IN_STATUS return :0
	wStatus = 0
	usNumOfRefused = 0
	lpNoteNumberList:
		usNumOfNoteNumbers = 0:
		lppNoteNumber:
	lpszExtra:


05:05:49 -> 05:05:49>>CMND100701
05:05:49 -> 05:05:49>>WFS_CMD_CIM_CASH_IN_START:
WFS_CMD_CIM_CASH_IN_START return -1328
		CIM Error WFS_ERR_CIM_POSITION_NOT_EMPTY

05:05:52 -> 05:05:52>>CMND100801
05:05:52 -> 05:05:52>>WFS_CMD_CIM_CASH_IN:
WFS_CMD_CIM_CASH_IN return -1326
		CIM Error WFS_ERR_CIM_NOCASHINACTIVE

05:06:13 -> 05:06:13>>CMND100701
05:06:13 -> 05:06:13>>WFS_CMD_CIM_CASH_IN_START:
WFS_CMD_CIM_CASH_IN_START return -1328
		CIM Error WFS_ERR_CIM_POSITION_NOT_EMPTY

05:06:20 -> 05:06:20>>CMND100801
05:06:20 -> 05:06:20>>WFS_CMD_CIM_CASH_IN:
WFS_CMD_CIM_CASH_IN return -1326
		CIM Error WFS_ERR_CIM_NOCASHINACTIVE

05:06:24 -> 05:06:24>>CMND100400
05:06:24 -> 05:06:24>>WFS_CMD_CIM_OPEN_SHUTTER:

WFS_CMD_CDM_OPEN_SHUTTER return  0

05:06:28 -> 05:06:28>>Service stopped.
05:06:29 -> 05:06:29>>Logger created.
05:06:29 -> Properties successfully retrieved from the registry.
05:06:29 -> Local queue Name:  .\private$\KTRRQ for reading already exists. No need to create.
05:06:29 -> Local queue  Name:  .\private$\KTRWQ for writing already exists. No need to create.
05:06:30 -> Local queue  Name: .\private$\KTRLQ for logging already exists. No need to create.
05:06:30 -> KTR10 Open First Check Attempt.
05:06:31 -> 05:06:31>>CMND100501
05:06:31 -> 05:06:31>>WFS_CMD_CIM_OPEN_SHUTTER:

WFS_CMD_CIM_CLOSE_SHUTTER return  -22
		General Error WFS_ERR_INVALID_HSERVICE

05:06:34 -> 05:06:34>>WFS_INF_CIM_STATUS:

05:06:34 -> 05:06:34>>CMND100300
05:06:34 -> 05:06:34>>WFS_INF_CIM_STATUS:
	fwDevice:0000
	fwSafeDoor:0000
	fwDispenser:0000
	fwIntermediateStacker:0000
	bDropBox: 
	szExtra: 
	
05:06:36 -> 05:06:36>>WFSVersion: 
	wVersion: 0x0003
	wLowVersion: 0x0101
	wHighVersion: 0x9903
	szDescription: WOSA/XFS API v3.00/v2.00
	szSystemStatus: 
SrvcVersion: 
	wVersion: 0x0003
	wLowVersion: 0x0003
	wHighVersion: 0x0003
	szDescription: 
	szSystemStatus: 
SPIVersion: 
	wVersion: 0x0003
	wVersion: 0x0003
	wVersion: 0x0003
	wVersion: KT_SPI V2.00
	wVersion: 

05:06:39 -> 05:06:39>>CMND100901
05:06:39 -> 05:06:39>>WFS_CMD_CIM_CASH_IN_END:
WFS_CMD_CIM_CASH_IN_END return -1326
		CIM Error WFS_ERR_CIM_NOCASHINACTIVE

05:06:41 -> 05:06:41>>CMND100701
05:06:41 -> 05:06:41>>WFS_CMD_CIM_CASH_IN_START:
WFS_CMD_CIM_CASH_IN_START return -1328
		CIM Error WFS_ERR_CIM_POSITION_NOT_EMPTY

05:06:45 -> 05:06:45>>CMND100801
05:06:45 -> 05:06:45>>WFS_CMD_CIM_CASH_IN:
WFS_CMD_CIM_CASH_IN return -1326
		CIM Error WFS_ERR_CIM_NOCASHINACTIVE

05:06:51 -> 05:06:51>>CMND100400
05:06:51 -> 05:06:51>>WFS_CMD_CIM_OPEN_SHUTTER:

WFS_CMD_CDM_OPEN_SHUTTER return  0

05:07:09 -> 05:07:09>>CMND100500
05:07:09 -> 05:07:09>>WFS_CMD_CIM_OPEN_SHUTTER:

WFS_CMD_CIM_CLOSE_SHUTTER return  0

05:07:29 -> 05:07:29>>CMND101200
05:07:29 -> 05:07:29>>WFS_CMD_CIM_RESET

WFS_CMD_CIM_RESET return  0

05:07:31 -> 05:07:31>>WFSVersion: 
	wVersion: 0x0003
	wLowVersion: 0x0101
	wHighVersion: 0x9903
	szDescription: WOSA/XFS API v3.00/v2.00
	szSystemStatus: 
SrvcVersion: 
	wVersion: 0x0003
	wLowVersion: 0x0003
	wHighVersion: 0x0003
	szDescription: 
	szSystemStatus: 
SPIVersion: 
	wVersion: 0x0003
	wVersion: 0x0003
	wVersion: 0x0003
	wVersion: KT_SPI V2.00
	wVersion: 

05:07:36 -> 05:07:36>>CMND100700
05:07:36 -> 05:07:36>>WFS_CMD_CIM_CASH_IN_START:
WFS_CMD_CIM_CASH_IN_START return 0

05:07:38 -> 05:07:38>>CMND100400
05:07:38 -> 05:07:38>>WFS_CMD_CIM_OPEN_SHUTTER:

WFS_CMD_CDM_OPEN_SHUTTER return  0

05:07:44 -> 05:07:44>>CMND100500
05:07:44 -> 05:07:44>>WFS_CMD_CIM_OPEN_SHUTTER:

WFS_CMD_CIM_CLOSE_SHUTTER return  0

05:08:06 -> 05:08:06>>CMND100800
05:08:06 -> 05:08:06>>WFS_CMD_CIM_CASH_IN:
WFS_CMD_CIM_CASH_IN return 0

05:08:24 -> 05:08:24>>CMND101100
05:08:24 -> 05:08:24>>WFS_INF_CIM_CASH_IN_STATUS:
WFS_INF_CIM_CASH_IN_STATUS return :0
	wStatus = 2
	usNumOfRefused = 0
	lpNoteNumberList:
		usNumOfNoteNumbers = 2:
		lppNoteNumber:
			usNoteID = 5190
			ulCount = 1
			usNoteID = 5189
			ulCount = 1
	lpszExtra:


05:20:58 -> 05:20:58>>Logger created.
05:20:58 -> Properties successfully retrieved from the registry.
05:20:58 -> Local queue Name:  .\private$\KTRRQ for reading already exists. No need to create.
05:20:58 -> Local queue  Name:  .\private$\KTRWQ for writing already exists. No need to create.
05:20:58 -> Local queue  Name: .\private$\KTRLQ for logging already exists. No need to create.
05:20:58 -> KTR10 Open First Check Attempt.
05:21:01 -> 05:21:01>>CMND101201
05:21:01 -> 05:21:01>>WFS_CMD_CIM_RESET

WFS_CMD_CIM_RESET return  -39
		General Error WFS_ERR_NOT_STARTED

05:21:04 -> 05:21:04>>WFSVersion: 
	wVersion: 0x0003
	wLowVersion: 0x0101
	wHighVersion: 0x9903
	szDescription: WOSA/XFS API v3.00/v2.00
	szSystemStatus: 
SrvcVersion: 
	wVersion: 0x0003
	wLowVersion: 0x0003
	wHighVersion: 0x0003
	szDescription: 
	szSystemStatus: 
SPIVersion: 
	wVersion: 0x0003
	wVersion: 0x0003
	wVersion: 0x0003
	wVersion: KT_SPI V2.00
	wVersion: 

05:22:00 -> 05:22:00>>CMND101200
05:22:00 -> 05:22:00>>WFS_CMD_CIM_RESET

WFS_CMD_CIM_RESET return  0

05:22:00 -> 05:22:00>>Service stopped.
05:22:28 -> 05:22:28>>Logger created.
05:22:28 -> Properties successfully retrieved from the registry.
05:22:28 -> Local queue Name:  .\private$\KTRRQ for reading already exists. No need to create.
05:22:28 -> Local queue  Name:  .\private$\KTRWQ for writing already exists. No need to create.
05:22:28 -> Local queue  Name: .\private$\KTRLQ for logging already exists. No need to create.
05:22:28 -> KTR10 Open First Check Attempt.
05:22:29 -> 05:22:29>>CMND100401
05:22:29 -> 05:22:29>>WFS_CMD_CIM_OPEN_SHUTTER:

WFS_CMD_CDM_OPEN_SHUTTER return  -22
		General Error WFS_ERR_INVALID_HSERVICE

05:22:46 -> 05:22:46>>CMND101201
05:22:46 -> 05:22:46>>WFS_CMD_CIM_RESET

WFS_CMD_CIM_RESET return  -22
		General Error WFS_ERR_INVALID_HSERVICE

05:22:53 -> 05:22:53>>WFS_INF_CIM_STATUS:

05:22:53 -> 05:22:53>>CMND100300
05:22:53 -> 05:22:53>>WFS_INF_CIM_STATUS:
	fwDevice:0000
	fwSafeDoor:0000
	fwDispenser:0000
	fwIntermediateStacker:0000
	bDropBox: 
	szExtra: 
	
05:22:56 -> 05:22:56>>WFSVersion: 
	wVersion: 0x0003
	wLowVersion: 0x0101
	wHighVersion: 0x9903
	szDescription: WOSA/XFS API v3.00/v2.00
	szSystemStatus: 
SrvcVersion: 
	wVersion: 0x0003
	wLowVersion: 0x0003
	wHighVersion: 0x0003
	szDescription: 
	szSystemStatus: 
SPIVersion: 
	wVersion: 0x0003
	wVersion: 0x0003
	wVersion: 0x0003
	wVersion: KT_SPI V2.00
	wVersion: 

05:23:00 -> 05:23:00>>Service stopped.
05:23:00 -> 05:23:00>>Logger created.
05:23:00 -> Properties successfully retrieved from the registry.
05:23:00 -> Local queue Name:  .\private$\KTRRQ for reading already exists. No need to create.
05:23:00 -> Local queue  Name:  .\private$\KTRWQ for writing already exists. No need to create.
05:23:00 -> Local queue  Name: .\private$\KTRLQ for logging already exists. No need to create.
05:23:00 -> KTR10 Open First Check Attempt.
05:23:06 -> 05:23:06>>WFSVersion: 
	wVersion: 0x0003
	wLowVersion: 0x0101
	wHighVersion: 0x9903
	szDescription: WOSA/XFS API v3.00/v2.00
	szSystemStatus: 
SrvcVersion: 
	wVersion: 0x0003
	wLowVersion: 0x0003
	wHighVersion: 0x0003
	szDescription: 
	szSystemStatus: 
SPIVersion: 
	wVersion: 0x0003
	wVersion: 0x0003
	wVersion: 0x0003
	wVersion: KT_SPI V2.00
	wVersion: 

05:23:28 -> 05:23:28>>CMND101200
05:23:28 -> 05:23:28>>WFS_CMD_CIM_RESET

WFS_CMD_CIM_RESET return  0

05:24:42 -> 05:24:42>>CMND101100
05:24:42 -> 05:24:42>>WFS_INF_CIM_BANKNOTE_TYPES :
WFS_INF_CIM_BANKNOTE_TYPES  return :0
	usNumOfNoteTypes = 27
		usNoteID	= 5153
		cCurrencyID	= TRY
		ulValues	= 1
		usRelease	= 2005
		bConfigured	= 0
		usNoteID	= 5155
		cCurrencyID	= TRY
		ulValues	= 5
		usRelease	= 2005
		bConfigured	= 0
		usNoteID	= 5156
		cCurrencyID	= TRY
		ulValues	= 10
		usRelease	= 2005
		bConfigured	= 1
		usNoteID	= 5157
		cCurrencyID	= TRY
		ulValues	= 20
		usRelease	= 2005
		bConfigured	= 1
		usNoteID	= 5158
		cCurrencyID	= TRY
		ulValues	= 50
		usRelease	= 2005
		bConfigured	= 1
		usNoteID	= 5159
		cCurrencyID	= TRY
		ulValues	= 100
		usRelease	= 2005
		bConfigured	= 1
		usNoteID	= 5187
		cCurrencyID	= TRY
		ulValues	= 5
		usRelease	= 2009
		bConfigured	= 0
		usNoteID	= 5188
		cCurrencyID	= TRY
		ulValues	= 10
		usRelease	= 2009
		bConfigured	= 1
		usNoteID	= 5189
		cCurrencyID	= TRY
		ulValues	= 20
		usRelease	= 2009
		bConfigured	= 1
		usNoteID	= 5190
		cCurrencyID	= TRY
		ulValues	= 50
		usRelease	= 2009
		bConfigured	= 1
		usNoteID	= 5191
		cCurrencyID	= TRY
		ulValues	= 100
		usRelease	= 2009
		bConfigured	= 1
		usNoteID	= 5192
		cCurrencyID	= TRY
		ulValues	= 200
		usRelease	= 2009
		bConfigured	= 0
		usNoteID	= 4204
		cCurrencyID	= IRR
		ulValues	= 5000
		usRelease	= 2013
		bConfigured	= 1
		usNoteID	= 4206
		cCurrencyID	= IRR
		ulValues	= 20000
		usRelease	= 2015
		bConfigured	= 1
		usNoteID	= 4207
		cCurrencyID	= IRR
		ulValues	= 50000
		usRelease	= 2015
		bConfigured	= 1
		usNoteID	= 4210
		cCurrencyID	= IRR
		ulValues	= 500000
		usRelease	= 2015
		bConfigured	= 1
		usNoteID	= 4142
		cCurrencyID	= IRR
		ulValues	= 1000
		usRelease	= 1992
		bConfigured	= 1
		usNoteID	= 4139
		cCurrencyID	= IRR
		ulValues	= 2000
		usRelease	= 2000
		bConfigured	= 1
		usNoteID	= 4140
		cCurrencyID	= IRR
		ulValues	= 5000
		usRelease	= 1993
		bConfigured	= 1
		usNoteID	= 4141
		cCurrencyID	= IRR
		ulValues	= 10000
		usRelease	= 1992
		bConfigured	= 1
		usNoteID	= 4142
		cCurrencyID	= IRR
		ulValues	= 20000
		usRelease	= 2005
		bConfigured	= 1
		usNoteID	= 4172
		cCurrencyID	= IRR
		ulValues	= 5000
		usRelease	= 2009
		bConfigured	= 1
		usNoteID	= 4174
		cCurrencyID	= IRR
		ulValues	= 20000
		usRelease	= 2009
		bConfigured	= 1
		usNoteID	= 4175
		cCurrencyID	= IRR
		ulValues	= 50000
		usRelease	= 2007
		bConfigured	= 1
		usNoteID	= 4176
		cCurrencyID	= IRR
		ulValues	= 100000
		usRelease	= 2010
		bConfigured	= 1
		usNoteID	= 4178
		cCurrencyID	= IRR
		ulValues	= 500000
		usRelease	= 2008
		bConfigured	= 1
		usNoteID	= 4179
		cCurrencyID	= IRR
		ulValues	= 1000000
		usRelease	= 2010
		bConfigured	= 1

05:25:41 -> 05:25:41>>CMND100400
05:25:41 -> 05:25:41>>WFS_CMD_CIM_OPEN_SHUTTER:

WFS_CMD_CDM_OPEN_SHUTTER return  0

05:26:04 -> 05:26:04>>CMND100500
05:26:04 -> 05:26:04>>WFS_CMD_CIM_OPEN_SHUTTER:

WFS_CMD_CIM_CLOSE_SHUTTER return  0

05:26:04 -> 05:26:04>>Service stopped.
05:29:04 -> 05:29:04>>Logger created.
05:29:04 -> Properties successfully retrieved from the registry.
05:29:04 -> Local queue Name:  .\private$\KTRRQ for reading already exists. No need to create.
05:29:04 -> Local queue  Name:  .\private$\KTRWQ for writing already exists. No need to create.
05:29:04 -> Local queue  Name: .\private$\KTRLQ for logging already exists. No need to create.
05:29:04 -> KTR10 Open First Check Attempt.
05:29:08 -> 05:29:08>>WFSVersion: 
	wVersion: 0x0003
	wLowVersion: 0x0101
	wHighVersion: 0x9903
	szDescription: WOSA/XFS API v3.00/v2.00
	szSystemStatus: 
SrvcVersion: 
	wVersion: 0x0003
	wLowVersion: 0x0003
	wHighVersion: 0x0003
	szDescription: 
	szSystemStatus: 
SPIVersion: 
	wVersion: 0x0003
	wVersion: 0x0003
	wVersion: 0x0003
	wVersion: KT_SPI V2.00
	wVersion: 

05:29:32 -> 05:29:32>>CMND101200
05:29:32 -> 05:29:32>>WFS_CMD_CIM_RESET

WFS_CMD_CIM_RESET return  0

05:54:58 -> 05:54:58>>CMND100700
05:54:58 -> 05:54:58>>WFS_CMD_CIM_CASH_IN_START:
WFS_CMD_CIM_CASH_IN_START return 0

05:54:59 -> 05:54:59>>CMND100400
05:54:59 -> 05:54:59>>WFS_CMD_CIM_OPEN_SHUTTER:

WFS_CMD_CDM_OPEN_SHUTTER return  0

05:57:48 -> 05:57:48>>CMND100500
05:57:48 -> 05:57:48>>WFS_CMD_CIM_OPEN_SHUTTER:

WFS_CMD_CIM_CLOSE_SHUTTER return  0

05:58:03 -> 05:58:03>>CMND100800
05:58:03 -> 05:58:03>>WFS_CMD_CIM_CASH_IN:
WFS_CMD_CIM_CASH_IN return 0

05:58:37 -> 05:58:37>>CMND101100
05:58:37 -> 05:58:37>>WFS_INF_CIM_BANKNOTE_TYPES :
WFS_INF_CIM_BANKNOTE_TYPES  return :0
	usNumOfNoteTypes = 27
		usNoteID	= 5153
		cCurrencyID	= TRY
		ulValues	= 1
		usRelease	= 2005
		bConfigured	= 0
		usNoteID	= 5155
		cCurrencyID	= TRY
		ulValues	= 5
		usRelease	= 2005
		bConfigured	= 0
		usNoteID	= 5156
		cCurrencyID	= TRY
		ulValues	= 10
		usRelease	= 2005
		bConfigured	= 1
		usNoteID	= 5157
		cCurrencyID	= TRY
		ulValues	= 20
		usRelease	= 2005
		bConfigured	= 1
		usNoteID	= 5158
		cCurrencyID	= TRY
		ulValues	= 50
		usRelease	= 2005
		bConfigured	= 1
		usNoteID	= 5159
		cCurrencyID	= TRY
		ulValues	= 100
		usRelease	= 2005
		bConfigured	= 1
		usNoteID	= 5187
		cCurrencyID	= TRY
		ulValues	= 5
		usRelease	= 2009
		bConfigured	= 0
		usNoteID	= 5188
		cCurrencyID	= TRY
		ulValues	= 10
		usRelease	= 2009
		bConfigured	= 1
		usNoteID	= 5189
		cCurrencyID	= TRY
		ulValues	= 20
		usRelease	= 2009
		bConfigured	= 1
		usNoteID	= 5190
		cCurrencyID	= TRY
		ulValues	= 50
		usRelease	= 2009
		bConfigured	= 1
		usNoteID	= 5191
		cCurrencyID	= TRY
		ulValues	= 100
		usRelease	= 2009
		bConfigured	= 1
		usNoteID	= 5192
		cCurrencyID	= TRY
		ulValues	= 200
		usRelease	= 2009
		bConfigured	= 0
		usNoteID	= 4204
		cCurrencyID	= IRR
		ulValues	= 5000
		usRelease	= 2013
		bConfigured	= 1
		usNoteID	= 4206
		cCurrencyID	= IRR
		ulValues	= 20000
		usRelease	= 2015
		bConfigured	= 1
		usNoteID	= 4207
		cCurrencyID	= IRR
		ulValues	= 50000
		usRelease	= 2015
		bConfigured	= 1
		usNoteID	= 4210
		cCurrencyID	= IRR
		ulValues	= 500000
		usRelease	= 2015
		bConfigured	= 1
		usNoteID	= 4142
		cCurrencyID	= IRR
		ulValues	= 1000
		usRelease	= 1992
		bConfigured	= 1
		usNoteID	= 4139
		cCurrencyID	= IRR
		ulValues	= 2000
		usRelease	= 2000
		bConfigured	= 1
		usNoteID	= 4140
		cCurrencyID	= IRR
		ulValues	= 5000
		usRelease	= 1993
		bConfigured	= 1
		usNoteID	= 4141
		cCurrencyID	= IRR
		ulValues	= 10000
		usRelease	= 1992
		bConfigured	= 1
		usNoteID	= 4142
		cCurrencyID	= IRR
		ulValues	= 20000
		usRelease	= 2005
		bConfigured	= 1
		usNoteID	= 4172
		cCurrencyID	= IRR
		ulValues	= 5000
		usRelease	= 2009
		bConfigured	= 1
		usNoteID	= 4174
		cCurrencyID	= IRR
		ulValues	= 20000
		usRelease	= 2009
		bConfigured	= 1
		usNoteID	= 4175
		cCurrencyID	= IRR
		ulValues	= 50000
		usRelease	= 2007
		bConfigured	= 1
		usNoteID	= 4176
		cCurrencyID	= IRR
		ulValues	= 100000
		usRelease	= 2010
		bConfigured	= 1
		usNoteID	= 4178
		cCurrencyID	= IRR
		ulValues	= 500000
		usRelease	= 2008
		bConfigured	= 1
		usNoteID	= 4179
		cCurrencyID	= IRR
		ulValues	= 1000000
		usRelease	= 2010
		bConfigured	= 1

06:14:23 -> 06:14:23>>CMND101100
06:14:23 -> 06:14:23>>WFS_INF_CIM_BANKNOTE_TYPES :
WFS_INF_CIM_BANKNOTE_TYPES  return :0
	usNumOfNoteTypes = 27
		usNoteID	= 5153
		cCurrencyID	= TRY
		ulValues	= 1
		usRelease	= 2005
		bConfigured	= 0
		usNoteID	= 5155
		cCurrencyID	= TRY
		ulValues	= 5
		usRelease	= 2005
		bConfigured	= 0
		usNoteID	= 5156
		cCurrencyID	= TRY
		ulValues	= 10
		usRelease	= 2005
		bConfigured	= 1
		usNoteID	= 5157
		cCurrencyID	= TRY
		ulValues	= 20
		usRelease	= 2005
		bConfigured	= 1
		usNoteID	= 5158
		cCurrencyID	= TRY
		ulValues	= 50
		usRelease	= 2005
		bConfigured	= 1
		usNoteID	= 5159
		cCurrencyID	= TRY
		ulValues	= 100
		usRelease	= 2005
		bConfigured	= 1
		usNoteID	= 5187
		cCurrencyID	= TRY
		ulValues	= 5
		usRelease	= 2009
		bConfigured	= 0
		usNoteID	= 5188
		cCurrencyID	= TRY
		ulValues	= 10
		usRelease	= 2009
		bConfigured	= 1
		usNoteID	= 5189
		cCurrencyID	= TRY
		ulValues	= 20
		usRelease	= 2009
		bConfigured	= 1
		usNoteID	= 5190
		cCurrencyID	= TRY
		ulValues	= 50
		usRelease	= 2009
		bConfigured	= 1
		usNoteID	= 5191
		cCurrencyID	= TRY
		ulValues	= 100
		usRelease	= 2009
		bConfigured	= 1
		usNoteID	= 5192
		cCurrencyID	= TRY
		ulValues	= 200
		usRelease	= 2009
		bConfigured	= 0
		usNoteID	= 4204
		cCurrencyID	= IRR
		ulValues	= 5000
		usRelease	= 2013
		bConfigured	= 1
		usNoteID	= 4206
		cCurrencyID	= IRR
		ulValues	= 20000
		usRelease	= 2015
		bConfigured	= 1
		usNoteID	= 4207
		cCurrencyID	= IRR
		ulValues	= 50000
		usRelease	= 2015
		bConfigured	= 1
		usNoteID	= 4210
		cCurrencyID	= IRR
		ulValues	= 500000
		usRelease	= 2015
		bConfigured	= 1
		usNoteID	= 4142
		cCurrencyID	= IRR
		ulValues	= 1000
		usRelease	= 1992
		bConfigured	= 1
		usNoteID	= 4139
		cCurrencyID	= IRR
		ulValues	= 2000
		usRelease	= 2000
		bConfigured	= 1
		usNoteID	= 4140
		cCurrencyID	= IRR
		ulValues	= 5000
		usRelease	= 1993
		bConfigured	= 1
		usNoteID	= 4141
		cCurrencyID	= IRR
		ulValues	= 10000
		usRelease	= 1992
		bConfigured	= 1
		usNoteID	= 4142
		cCurrencyID	= IRR
		ulValues	= 20000
		usRelease	= 2005
		bConfigured	= 1
		usNoteID	= 4172
		cCurrencyID	= IRR
		ulValues	= 5000
		usRelease	= 2009
		bConfigured	= 1
		usNoteID	= 4174
		cCurrencyID	= IRR
		ulValues	= 20000
		usRelease	= 2009
		bConfigured	= 1
		usNoteID	= 4175
		cCurrencyID	= IRR
		ulValues	= 50000
		usRelease	= 2007
		bConfigured	= 1
		usNoteID	= 4176
		cCurrencyID	= IRR
		ulValues	= 100000
		usRelease	= 2010
		bConfigured	= 1
		usNoteID	= 4178
		cCurrencyID	= IRR
		ulValues	= 500000
		usRelease	= 2008
		bConfigured	= 1
		usNoteID	= 4179
		cCurrencyID	= IRR
		ulValues	= 1000000
		usRelease	= 2010
		bConfigured	= 1

06:14:46 -> 06:14:46>>CMND101000
06:14:46 -> 06:14:46>>WFS_CMD_CIM_CASH_IN_ROLLBACK:
WFS_CMD_CIM_CASH_IN_ROLLBACK return 0

06:14:48 -> 06:14:48>>CMND100400
06:14:48 -> 06:14:48>>WFS_CMD_CIM_OPEN_SHUTTER:

WFS_CMD_CDM_OPEN_SHUTTER return  0

06:18:11 -> 06:18:11>>Service stopped.
06:18:16 -> 06:18:16>>Logger created.
06:18:16 -> Properties successfully retrieved from the registry.
06:18:16 -> Local queue Name:  .\private$\KTRRQ for reading already exists. No need to create.
06:18:16 -> Local queue  Name:  .\private$\KTRWQ for writing already exists. No need to create.
06:18:16 -> Local queue  Name: .\private$\KTRLQ for logging already exists. No need to create.
06:18:16 -> KTR10 Open First Check Attempt.
06:18:17 -> 06:18:17>>CMND100501
06:18:17 -> 06:18:17>>WFS_CMD_CIM_OPEN_SHUTTER:

WFS_CMD_CIM_CLOSE_SHUTTER return  -22
		General Error WFS_ERR_INVALID_HSERVICE

06:18:26 -> 06:18:26>>CMND100501
06:18:26 -> 06:18:26>>WFS_CMD_CIM_OPEN_SHUTTER:

WFS_CMD_CIM_CLOSE_SHUTTER return  -22
		General Error WFS_ERR_INVALID_HSERVICE

06:18:31 -> 06:18:31>>CMND100401
06:18:31 -> 06:18:31>>WFS_CMD_CIM_OPEN_SHUTTER:

WFS_CMD_CDM_OPEN_SHUTTER return  -22
		General Error WFS_ERR_INVALID_HSERVICE

06:18:32 -> 06:18:32>>CMND100501
06:18:32 -> 06:18:32>>WFS_CMD_CIM_OPEN_SHUTTER:

WFS_CMD_CIM_CLOSE_SHUTTER return  -22
		General Error WFS_ERR_INVALID_HSERVICE

06:18:35 -> 06:18:35>>Service stopped.
06:18:36 -> 06:18:36>>Logger created.
06:18:36 -> Properties successfully retrieved from the registry.
06:18:36 -> Local queue Name:  .\private$\KTRRQ for reading already exists. No need to create.
06:18:36 -> Local queue  Name:  .\private$\KTRWQ for writing already exists. No need to create.
06:18:36 -> Local queue  Name: .\private$\KTRLQ for logging already exists. No need to create.
06:18:36 -> KTR10 Open First Check Attempt.
06:18:37 -> 06:18:37>>CMND100401
06:18:37 -> 06:18:37>>WFS_CMD_CIM_OPEN_SHUTTER:

WFS_CMD_CDM_OPEN_SHUTTER return  -22
		General Error WFS_ERR_INVALID_HSERVICE

06:18:39 -> 06:18:39>>CMND100501
06:18:39 -> 06:18:39>>WFS_CMD_CIM_OPEN_SHUTTER:

WFS_CMD_CIM_CLOSE_SHUTTER return  -22
		General Error WFS_ERR_INVALID_HSERVICE

06:19:02 -> 06:19:02>>CMND101201
06:19:02 -> 06:19:02>>WFS_CMD_CIM_RESET

WFS_CMD_CIM_RESET return  -39
		General Error WFS_ERR_NOT_STARTED

06:19:06 -> 06:19:06>>WFSVersion: 
	wVersion: 0x0003
	wLowVersion: 0x0101
	wHighVersion: 0x9903
	szDescription: WOSA/XFS API v3.00/v2.00
	szSystemStatus: 
SrvcVersion: 
	wVersion: 0x0003
	wLowVersion: 0x0003
	wHighVersion: 0x0003
	szDescription: 
	szSystemStatus: 
SPIVersion: 
	wVersion: 0x0003
	wVersion: 0x0003
	wVersion: 0x0003
	wVersion: KT_SPI V2.00
	wVersion: 

06:19:10 -> 06:19:10>>CMND100500
06:19:10 -> 06:19:10>>WFS_CMD_CIM_OPEN_SHUTTER:

WFS_CMD_CIM_CLOSE_SHUTTER return  0

06:19:46 -> 06:19:46>>Service stopped.
